/var/spool/slurmd/job11702/slurm_script: line 18: module: command not found
2025-10-19 00:15:00.985190: I tensorflow/tsl/cuda/cudart_stub.cc:28] Could not find cuda drivers on your machine, GPU will not be used.
2025-10-19 00:15:01.010938: E tensorflow/compiler/xla/stream_executor/cuda/cuda_dnn.cc:9342] Unable to register cuDNN factory: Attempting to register factory for plugin cuDNN when one has already been registered
2025-10-19 00:15:01.010966: E tensorflow/compiler/xla/stream_executor/cuda/cuda_fft.cc:609] Unable to register cuFFT factory: Attempting to register factory for plugin cuFFT when one has already been registered
2025-10-19 00:15:01.010989: E tensorflow/compiler/xla/stream_executor/cuda/cuda_blas.cc:1518] Unable to register cuBLAS factory: Attempting to register factory for plugin cuBLAS when one has already been registered
2025-10-19 00:15:01.016103: I tensorflow/tsl/cuda/cudart_stub.cc:28] Could not find cuda drivers on your machine, GPU will not be used.
2025-10-19 00:15:01.016243: I tensorflow/core/platform/cpu_feature_guard.cc:182] This TensorFlow binary is optimized to use available CPU instructions in performance-critical operations.
To enable the following instructions: AVX2 FMA, in other operations, rebuild TensorFlow with the appropriate compiler flags.
2025-10-19 00:15:02.124837: W tensorflow/compiler/tf2tensorrt/utils/py_utils.cc:38] TF-TRT Warning: Could not find TensorRT
[00:15:04] 

****
Pre-condition Violation
no owner
Violation occurred on line 146 in file /home/conda/feedstock_root/build_artifacts/rdkit-meta_1732947292231/work/Code/GraphMol/Atom.h
Failed Expression: dp_mol
----------
Stacktrace:
 0# Invar::Invariant::toString[abi:cxx11]() const in /home/ivanam/.conda/envs/bio_inf/lib/python3.11/site-packages/rdkit/../../../libRDKitRDGeneral.so.1
 1# Invar::operator<<(std::ostream&, Invar::Invariant const&) in /home/ivanam/.conda/envs/bio_inf/lib/python3.11/site-packages/rdkit/../../../libRDKitRDGeneral.so.1
 2# RDKit::Atom::getDegree() const in /home/ivanam/.conda/envs/bio_inf/lib/python3.11/site-packages/rdkit/Chem/../../../../libRDKitGraphMol.so.1
 3# 0x00007F76277D579A in /home/ivanam/.conda/envs/bio_inf/lib/python3.11/site-packages/rdkit/Chem/rdchem.so
 4# boost::python::objects::function::call(_object*, _object*) const in /home/ivanam/.conda/envs/bio_inf/lib/python3.11/site-packages/rdkit/../../../libboost_python311.so.1.86.0
 5# 0x00007F7627E1C449 in /home/ivanam/.conda/envs/bio_inf/lib/python3.11/site-packages/rdkit/../../../libboost_python311.so.1.86.0
 6# boost::python::detail::exception_handler::operator()(boost::function_n<void> const&) const in /home/ivanam/.conda/envs/bio_inf/lib/python3.11/site-packages/rdkit/../../../libboost_python311.so.1.86.0
 7# 0x00007F76256D9B14 in /home/ivanam/.conda/envs/bio_inf/lib/python3.11/site-packages/rdkit/Chem/rdSLNParse.so
 8# 0x00007F7625B46384 in /home/ivanam/.conda/envs/bio_inf/lib/python3.11/site-packages/rdkit/Chem/rdChemReactions.so
 9# 0x00007F7625B463D4 in /home/ivanam/.conda/envs/bio_inf/lib/python3.11/site-packages/rdkit/Chem/rdChemReactions.so
10# 0x00007F7625CC6804 in /home/ivanam/.conda/envs/bio_inf/lib/python3.11/site-packages/rdkit/Chem/rdMolChemicalFeatures.so
11# 0x00007F76267FD174 in /home/ivanam/.conda/envs/bio_inf/lib/python3.11/site-packages/rdkit/Chem/rdDepictor.so
12# 0x00007F7626F9CCC4 in /home/ivanam/.conda/envs/bio_inf/lib/python3.11/site-packages/rdkit/Chem/rdmolfiles.so
13# 0x00007F7626F9CD14 in /home/ivanam/.conda/envs/bio_inf/lib/python3.11/site-packages/rdkit/Chem/rdmolfiles.so
14# 0x00007F762D442A24 in /home/ivanam/.conda/envs/bio_inf/lib/python3.11/site-packages/rdkit/Chem/rdCIPLabeler.so
15# 0x00007F762781EDC4 in /home/ivanam/.conda/envs/bio_inf/lib/python3.11/site-packages/rdkit/Chem/rdchem.so
16# 0x00007F76277B056D in /home/ivanam/.conda/envs/bio_inf/lib/python3.11/site-packages/rdkit/Chem/rdchem.so
17# 0x00007F76277B008D in /home/ivanam/.conda/envs/bio_inf/lib/python3.11/site-packages/rdkit/Chem/rdchem.so
18# 0x00007F76277AFBAD in /home/ivanam/.conda/envs/bio_inf/lib/python3.11/site-packages/rdkit/Chem/rdchem.so
19# 0x00007F76277AF6CD in /home/ivanam/.conda/envs/bio_inf/lib/python3.11/site-packages/rdkit/Chem/rdchem.so
20# 0x00007F76277AF1ED in /home/ivanam/.conda/envs/bio_inf/lib/python3.11/site-packages/rdkit/Chem/rdchem.so
21# 0x00007F7627EE7A94 in /home/ivanam/.conda/envs/bio_inf/lib/python3.11/site-packages/rdkit/rdBase.so
22# 0x00007F7627EE7AE4 in /home/ivanam/.conda/envs/bio_inf/lib/python3.11/site-packages/rdkit/rdBase.so
23# 0x00007F7627EE7B34 in /home/ivanam/.conda/envs/bio_inf/lib/python3.11/site-packages/rdkit/rdBase.so
24# 0x00007F7627EE7B84 in /home/ivanam/.conda/envs/bio_inf/lib/python3.11/site-packages/rdkit/rdBase.so
25# boost::python::handle_exception_impl(boost::function_n<void>) in /home/ivanam/.conda/envs/bio_inf/lib/python3.11/site-packages/rdkit/../../../libboost_python311.so.1.86.0
26# 0x00007F7627E199B3 in /home/ivanam/.conda/envs/bio_inf/lib/python3.11/site-packages/rdkit/../../../libboost_python311.so.1.86.0
27# _PyObject_MakeTpCall in /home/ivanam/.conda/envs/bio_inf/bin/python
28# _PyEval_EvalFrameDefault in /home/ivanam/.conda/envs/bio_inf/bin/python
29# 0x0000556FCC4DF42D in /home/ivanam/.conda/envs/bio_inf/bin/python
30# PyEval_EvalCode in /home/ivanam/.conda/envs/bio_inf/bin/python
31# 0x0000556FCC4FDA1A in /home/ivanam/.conda/envs/bio_inf/bin/python
32# 0x0000556FCC4F9593 in /home/ivanam/.conda/envs/bio_inf/bin/python
33# 0x0000556FCC50E930 in /home/ivanam/.conda/envs/bio_inf/bin/python
34# _PyRun_SimpleFileObject in /home/ivanam/.conda/envs/bio_inf/bin/python
35# _PyRun_AnyFileObject in /home/ivanam/.conda/envs/bio_inf/bin/python
36# Py_RunMain in /home/ivanam/.conda/envs/bio_inf/bin/python
37# Py_BytesMain in /home/ivanam/.conda/envs/bio_inf/bin/python
38# 0x00007F768CCE424A in /lib/x86_64-linux-gnu/libc.so.6
39# __libc_start_main in /lib/x86_64-linux-gnu/libc.so.6
40# 0x0000556FCC4CE91D in /home/ivanam/.conda/envs/bio_inf/bin/python
----------
****

2025-10-19 00:15:04.389270: I tensorflow/compiler/xla/stream_executor/cuda/cuda_gpu_executor.cc:894] successful NUMA node read from SysFS had negative value (-1), but there must be at least one NUMA node, so returning NUMA node zero. See more at https://github.com/torvalds/linux/blob/v6.0/Documentation/ABI/testing/sysfs-bus-pci#L344-L355
2025-10-19 00:15:04.389662: W tensorflow/core/common_runtime/gpu/gpu_device.cc:2211] Cannot dlopen some GPU libraries. Please make sure the missing libraries mentioned above are installed properly if you would like to use GPU. Follow the guide at https://www.tensorflow.org/install/gpu for how to download and setup the required libraries for your platform.
Skipping registering GPU devices...
[I 2025-10-19 00:15:06,007] A new study created in memory with name: no-name-a00c486e-ec34-4e9d-adda-2d1f29fad0a1
/home/ivanam/.conda/envs/bio_inf/lib/python3.11/site-packages/spektral/data/utils.py:221: UserWarning: you are shuffling a 'MyDataset' object which is not a subclass of 'Sequence'; `shuffle` is not guaranteed to behave correctly. E.g., non-numpy array/tensor objects with view semantics may contain duplicates after shuffling.
  np.random.shuffle(a)
/home/ivanam/.conda/envs/bio_inf/lib/python3.11/site-packages/keras/src/initializers/initializers.py:120: UserWarning: The initializer GlorotUniform is unseeded and being called multiple times, which will return identical values each time (even if the initializer is unseeded). Please update your code to provide a seed to the initializer, or avoid using the same initializer instance more than once.
  warnings.warn(
2025-10-19 00:15:09.144807: W tensorflow/tsl/framework/cpu_allocator_impl.cc:83] Allocation of 536870912 exceeds 10% of free system memory.
2025-10-19 00:15:09.608507: W tensorflow/tsl/framework/cpu_allocator_impl.cc:83] Allocation of 536870912 exceeds 10% of free system memory.
2025-10-19 00:15:12.119865: W tensorflow/tsl/framework/cpu_allocator_impl.cc:83] Allocation of 536870912 exceeds 10% of free system memory.
2025-10-19 00:15:12.782411: W tensorflow/tsl/framework/cpu_allocator_impl.cc:83] Allocation of 536870912 exceeds 10% of free system memory.
2025-10-19 00:15:15.762000: W tensorflow/tsl/framework/cpu_allocator_impl.cc:83] Allocation of 536870912 exceeds 10% of free system memory.
[I 2025-10-19 00:56:06,463] Trial 0 finished with value: 0.5151218771934509 and parameters: {'n_heads': 8, 'units': 128, 'dropout_rate': 0.36210923500768194, 'learning_rate': 0.0014061064796328634, 'batch_size': 128}. Best is trial 0 with value: 0.5151218771934509.
[I 2025-10-19 01:02:48,598] Trial 1 finished with value: 0.6197819709777832 and parameters: {'n_heads': 8, 'units': 32, 'dropout_rate': 0.20480071183397897, 'learning_rate': 0.007050431665906838, 'batch_size': 128}. Best is trial 1 with value: 0.6197819709777832.
[I 2025-10-19 03:26:58,434] Trial 2 finished with value: 0.01877906732261181 and parameters: {'n_heads': 16, 'units': 128, 'dropout_rate': 0.32142277175989714, 'learning_rate': 0.008716068759606182, 'batch_size': 128}. Best is trial 1 with value: 0.6197819709777832.
[I 2025-10-19 03:28:51,202] Trial 3 finished with value: 0.6694005131721497 and parameters: {'n_heads': 4, 'units': 32, 'dropout_rate': 0.23759169912871708, 'learning_rate': 0.0030031034130172693, 'batch_size': 32}. Best is trial 3 with value: 0.6694005131721497.
[I 2025-10-19 05:52:24,595] Trial 4 finished with value: 0.6720873713493347 and parameters: {'n_heads': 16, 'units': 128, 'dropout_rate': 0.2838823155412396, 'learning_rate': 0.0017664588992628047, 'batch_size': 128}. Best is trial 4 with value: 0.6720873713493347.
[I 2025-10-19 05:57:35,299] Trial 5 finished with value: 0.6739689707756042 and parameters: {'n_heads': 8, 'units': 32, 'dropout_rate': 0.2492752406310225, 'learning_rate': 0.002539919123722697, 'batch_size': 64}. Best is trial 5 with value: 0.6739689707756042.
[I 2025-10-19 05:59:28,645] Trial 6 finished with value: 0.6644007563591003 and parameters: {'n_heads': 4, 'units': 32, 'dropout_rate': 0.2027011968606228, 'learning_rate': 0.005652390692028351, 'batch_size': 32}. Best is trial 5 with value: 0.6739689707756042.
[I 2025-10-19 06:06:09,770] Trial 7 finished with value: 0.5991690158843994 and parameters: {'n_heads': 8, 'units': 32, 'dropout_rate': 0.22672960808691672, 'learning_rate': 0.0032888470202329045, 'batch_size': 128}. Best is trial 5 with value: 0.6739689707756042.
[I 2025-10-19 06:12:55,405] Trial 8 finished with value: 0.3509443998336792 and parameters: {'n_heads': 8, 'units': 32, 'dropout_rate': 0.36211223666295733, 'learning_rate': 0.0011486082876375767, 'batch_size': 128}. Best is trial 5 with value: 0.6739689707756042.
[I 2025-10-19 06:24:20,370] Trial 9 finished with value: 0.6721002459526062 and parameters: {'n_heads': 4, 'units': 128, 'dropout_rate': 0.30688137027326967, 'learning_rate': 0.0025566982333306175, 'batch_size': 64}. Best is trial 5 with value: 0.6739689707756042.
[I 2025-10-19 06:36:08,063] Trial 10 finished with value: 0.4154950678348541 and parameters: {'n_heads': 8, 'units': 64, 'dropout_rate': 0.26377209225062037, 'learning_rate': 0.0003234571481834694, 'batch_size': 64}. Best is trial 5 with value: 0.6739689707756042.
[I 2025-10-19 06:40:27,559] Trial 11 finished with value: 0.4513140916824341 and parameters: {'n_heads': 4, 'units': 64, 'dropout_rate': 0.3169681408691736, 'learning_rate': 0.0004219194458014735, 'batch_size': 64}. Best is trial 5 with value: 0.6739689707756042.
[I 2025-10-19 06:51:56,783] Trial 12 finished with value: 0.4992245137691498 and parameters: {'n_heads': 4, 'units': 128, 'dropout_rate': 0.2818642256103438, 'learning_rate': 0.0001524828195439784, 'batch_size': 64}. Best is trial 5 with value: 0.6739689707756042.
[I 2025-10-19 07:03:22,547] Trial 13 finished with value: 0.49895259737968445 and parameters: {'n_heads': 4, 'units': 128, 'dropout_rate': 0.3289738961616258, 'learning_rate': 0.0029399613517627054, 'batch_size': 64}. Best is trial 5 with value: 0.6739689707756042.
[I 2025-10-19 07:41:46,557] Trial 14 finished with value: 0.5292373895645142 and parameters: {'n_heads': 16, 'units': 64, 'dropout_rate': 0.3938351883247981, 'learning_rate': 0.0005951826360409989, 'batch_size': 64}. Best is trial 5 with value: 0.6739689707756042.
[I 2025-10-19 07:46:56,027] Trial 15 finished with value: 0.6515459418296814 and parameters: {'n_heads': 8, 'units': 32, 'dropout_rate': 0.2565176372331201, 'learning_rate': 0.0022664565559890014, 'batch_size': 64}. Best is trial 5 with value: 0.6739689707756042.
[I 2025-10-19 07:58:26,451] Trial 16 finished with value: 0.45413604378700256 and parameters: {'n_heads': 4, 'units': 128, 'dropout_rate': 0.29800266620126836, 'learning_rate': 0.0007808567403976381, 'batch_size': 64}. Best is trial 5 with value: 0.6739689707756042.
[I 2025-10-19 08:02:28,560] Trial 17 finished with value: 0.6620598435401917 and parameters: {'n_heads': 8, 'units': 32, 'dropout_rate': 0.24731781415013995, 'learning_rate': 0.005688807733974193, 'batch_size': 32}. Best is trial 5 with value: 0.6739689707756042.
[I 2025-10-19 08:13:58,930] Trial 18 finished with value: 0.6128793358802795 and parameters: {'n_heads': 4, 'units': 128, 'dropout_rate': 0.34452702182551714, 'learning_rate': 0.004063546600447749, 'batch_size': 64}. Best is trial 5 with value: 0.6739689707756042.
[I 2025-10-19 08:52:10,271] Trial 19 finished with value: 0.5594378113746643 and parameters: {'n_heads': 16, 'units': 64, 'dropout_rate': 0.26945071996101944, 'learning_rate': 0.0009356307137830059, 'batch_size': 64}. Best is trial 5 with value: 0.6739689707756042.
[I 2025-10-19 09:28:08,212] Trial 20 finished with value: 0.6362349390983582 and parameters: {'n_heads': 8, 'units': 128, 'dropout_rate': 0.2960247759857601, 'learning_rate': 0.0015451846759212081, 'batch_size': 64}. Best is trial 5 with value: 0.6739689707756042.
[I 2025-10-19 11:52:18,378] Trial 21 finished with value: 0.6213774681091309 and parameters: {'n_heads': 16, 'units': 128, 'dropout_rate': 0.2777041775880371, 'learning_rate': 0.0018063320324855697, 'batch_size': 128}. Best is trial 5 with value: 0.6739689707756042.
slurmstepd-n16: error: *** JOB 11702 ON n16 CANCELLED AT 2025-10-19T13:13:31 ***
