[I 2025-10-18 23:12:58,000] Trial 22 finished with value: 0.5976899862289429 and parameters: {'hidden_units': 128, 'dense_units_0': 128, 'dense_units_1': 128, 'dropout_rate': 0.2231952921167383, 'learning_rate': 0.003140813073782201, 'batch_size': 32}. Best is trial 18 with value: 0.6834500432014465.
/home/ivanam/.conda/envs/bio_inf/lib/python3.11/site-packages/spektral/data/utils.py:221: UserWarning: you are shuffling a 'MyDataset' object which is not a subclass of 'Sequence'; `shuffle` is not guaranteed to behave correctly. E.g., non-numpy array/tensor objects with view semantics may contain duplicates after shuffling.
  np.random.shuffle(a)
[I 2025-10-18 23:14:20,765] Trial 23 finished with value: 0.6063676476478577 and parameters: {'hidden_units': 128, 'dense_units_0': 128, 'dense_units_1': 128, 'dropout_rate': 0.21026342555225414, 'learning_rate': 0.0036536123828007413, 'batch_size': 32}. Best is trial 18 with value: 0.6834500432014465.
/home/ivanam/.conda/envs/bio_inf/lib/python3.11/site-packages/spektral/data/utils.py:221: UserWarning: you are shuffling a 'MyDataset' object which is not a subclass of 'Sequence'; `shuffle` is not guaranteed to behave correctly. E.g., non-numpy array/tensor objects with view semantics may contain duplicates after shuffling.
  np.random.shuffle(a)
[I 2025-10-18 23:15:03,765] Trial 24 finished with value: 0.6661516427993774 and parameters: {'hidden_units': 128, 'dense_units_0': 128, 'dense_units_1': 128, 'dropout_rate': 0.23657556095385462, 'learning_rate': 0.0023911311204624693, 'batch_size': 32}. Best is trial 18 with value: 0.6834500432014465.
/home/ivanam/.conda/envs/bio_inf/lib/python3.11/site-packages/spektral/data/utils.py:221: UserWarning: you are shuffling a 'MyDataset' object which is not a subclass of 'Sequence'; `shuffle` is not guaranteed to behave correctly. E.g., non-numpy array/tensor objects with view semantics may contain duplicates after shuffling.
  np.random.shuffle(a)
[I 2025-10-18 23:15:46,412] Trial 25 finished with value: 0.5944004058837891 and parameters: {'hidden_units': 128, 'dense_units_0': 128, 'dense_units_1': 128, 'dropout_rate': 0.26188730207179844, 'learning_rate': 0.0023560999359970524, 'batch_size': 32}. Best is trial 18 with value: 0.6834500432014465.
/home/ivanam/.conda/envs/bio_inf/lib/python3.11/site-packages/spektral/data/utils.py:221: UserWarning: you are shuffling a 'MyDataset' object which is not a subclass of 'Sequence'; `shuffle` is not guaranteed to behave correctly. E.g., non-numpy array/tensor objects with view semantics may contain duplicates after shuffling.
  np.random.shuffle(a)
[I 2025-10-18 23:17:09,169] Trial 26 finished with value: 0.67307049036026 and parameters: {'hidden_units': 128, 'dense_units_0': 128, 'dense_units_1': 128, 'dropout_rate': 0.28319075576717134, 'learning_rate': 0.0016462521184822958, 'batch_size': 32}. Best is trial 18 with value: 0.6834500432014465.
/home/ivanam/.conda/envs/bio_inf/lib/python3.11/site-packages/spektral/data/utils.py:221: UserWarning: you are shuffling a 'MyDataset' object which is not a subclass of 'Sequence'; `shuffle` is not guaranteed to behave correctly. E.g., non-numpy array/tensor objects with view semantics may contain duplicates after shuffling.
  np.random.shuffle(a)
[I 2025-10-18 23:18:31,922] Trial 27 finished with value: 0.6697075963020325 and parameters: {'hidden_units': 128, 'dense_units_0': 128, 'dense_units_1': 32, 'dropout_rate': 0.29469902907406453, 'learning_rate': 0.0016669904221421098, 'batch_size': 32}. Best is trial 18 with value: 0.6834500432014465.
/home/ivanam/.conda/envs/bio_inf/lib/python3.11/site-packages/spektral/data/utils.py:221: UserWarning: you are shuffling a 'MyDataset' object which is not a subclass of 'Sequence'; `shuffle` is not guaranteed to behave correctly. E.g., non-numpy array/tensor objects with view semantics may contain duplicates after shuffling.
  np.random.shuffle(a)
[I 2025-10-18 23:18:42,957] Trial 28 finished with value: 0.21986527740955353 and parameters: {'hidden_units': 64, 'dense_units_0': 64, 'dense_units_1': 32, 'dropout_rate': 0.2912460801767777, 'learning_rate': 0.001618056828049883, 'batch_size': 128}. Best is trial 18 with value: 0.6834500432014465.
/home/ivanam/.conda/envs/bio_inf/lib/python3.11/site-packages/spektral/data/utils.py:221: UserWarning: you are shuffling a 'MyDataset' object which is not a subclass of 'Sequence'; `shuffle` is not guaranteed to behave correctly. E.g., non-numpy array/tensor objects with view semantics may contain duplicates after shuffling.
  np.random.shuffle(a)
[I 2025-10-18 23:19:18,369] Trial 29 finished with value: 0.549530029296875 and parameters: {'hidden_units': 96, 'dense_units_0': 128, 'dense_units_1': 32, 'dropout_rate': 0.31665914319173327, 'learning_rate': 0.0012770713518258615, 'batch_size': 32}. Best is trial 18 with value: 0.6834500432014465.
/home/ivanam/.conda/envs/bio_inf/lib/python3.11/site-packages/spektral/data/utils.py:221: UserWarning: you are shuffling a 'MyDataset' object which is not a subclass of 'Sequence'; `shuffle` is not guaranteed to behave correctly. E.g., non-numpy array/tensor objects with view semantics may contain duplicates after shuffling.
  np.random.shuffle(a)
[I 2025-10-18 23:19:43,583] Trial 30 finished with value: 0.6304073333740234 and parameters: {'hidden_units': 128, 'dense_units_0': 128, 'dense_units_1': 32, 'dropout_rate': 0.34178628381834125, 'learning_rate': 0.004989513662978771, 'batch_size': 64}. Best is trial 18 with value: 0.6834500432014465.
/home/ivanam/.conda/envs/bio_inf/lib/python3.11/site-packages/spektral/data/utils.py:221: UserWarning: you are shuffling a 'MyDataset' object which is not a subclass of 'Sequence'; `shuffle` is not guaranteed to behave correctly. E.g., non-numpy array/tensor objects with view semantics may contain duplicates after shuffling.
  np.random.shuffle(a)
[I 2025-10-18 23:20:26,904] Trial 31 finished with value: 0.6732871532440186 and parameters: {'hidden_units': 128, 'dense_units_0': 128, 'dense_units_1': 32, 'dropout_rate': 0.28227876256165196, 'learning_rate': 0.0017539448716748453, 'batch_size': 32}. Best is trial 18 with value: 0.6834500432014465.
/home/ivanam/.conda/envs/bio_inf/lib/python3.11/site-packages/spektral/data/utils.py:221: UserWarning: you are shuffling a 'MyDataset' object which is not a subclass of 'Sequence'; `shuffle` is not guaranteed to behave correctly. E.g., non-numpy array/tensor objects with view semantics may contain duplicates after shuffling.
  np.random.shuffle(a)
[I 2025-10-18 23:21:49,682] Trial 32 finished with value: 0.5702386498451233 and parameters: {'hidden_units': 128, 'dense_units_0': 128, 'dense_units_1': 32, 'dropout_rate': 0.2839035654517833, 'learning_rate': 0.0017284256468668758, 'batch_size': 32}. Best is trial 18 with value: 0.6834500432014465.
/home/ivanam/.conda/envs/bio_inf/lib/python3.11/site-packages/spektral/data/utils.py:221: UserWarning: you are shuffling a 'MyDataset' object which is not a subclass of 'Sequence'; `shuffle` is not guaranteed to behave correctly. E.g., non-numpy array/tensor objects with view semantics may contain duplicates after shuffling.
  np.random.shuffle(a)
[I 2025-10-18 23:23:12,456] Trial 33 finished with value: 0.6043609380722046 and parameters: {'hidden_units': 128, 'dense_units_0': 128, 'dense_units_1': 32, 'dropout_rate': 0.308223226005276, 'learning_rate': 0.0013698196000575605, 'batch_size': 32}. Best is trial 18 with value: 0.6834500432014465.
/home/ivanam/.conda/envs/bio_inf/lib/python3.11/site-packages/spektral/data/utils.py:221: UserWarning: you are shuffling a 'MyDataset' object which is not a subclass of 'Sequence'; `shuffle` is not guaranteed to behave correctly. E.g., non-numpy array/tensor objects with view semantics may contain duplicates after shuffling.
  np.random.shuffle(a)
[I 2025-10-18 23:23:54,263] Trial 34 finished with value: 0.5808417797088623 and parameters: {'hidden_units': 32, 'dense_units_0': 128, 'dense_units_1': 32, 'dropout_rate': 0.26857794338515417, 'learning_rate': 0.0017500934203171356, 'batch_size': 32}. Best is trial 18 with value: 0.6834500432014465.
/home/ivanam/.conda/envs/bio_inf/lib/python3.11/site-packages/spektral/data/utils.py:221: UserWarning: you are shuffling a 'MyDataset' object which is not a subclass of 'Sequence'; `shuffle` is not guaranteed to behave correctly. E.g., non-numpy array/tensor objects with view semantics may contain duplicates after shuffling.
  np.random.shuffle(a)
[I 2025-10-18 23:25:17,025] Trial 35 finished with value: 0.19837160408496857 and parameters: {'hidden_units': 128, 'dense_units_0': 32, 'dense_units_1': 32, 'dropout_rate': 0.34455391464444823, 'learning_rate': 0.0014496833124669733, 'batch_size': 32}. Best is trial 18 with value: 0.6834500432014465.
/home/ivanam/.conda/envs/bio_inf/lib/python3.11/site-packages/spektral/data/utils.py:221: UserWarning: you are shuffling a 'MyDataset' object which is not a subclass of 'Sequence'; `shuffle` is not guaranteed to behave correctly. E.g., non-numpy array/tensor objects with view semantics may contain duplicates after shuffling.
  np.random.shuffle(a)
[I 2025-10-18 23:25:58,840] Trial 36 finished with value: 0.6018983721733093 and parameters: {'hidden_units': 64, 'dense_units_0': 64, 'dense_units_1': 32, 'dropout_rate': 0.2920212318223563, 'learning_rate': 0.00231897085733015, 'batch_size': 32}. Best is trial 18 with value: 0.6834500432014465.
/home/ivanam/.conda/envs/bio_inf/lib/python3.11/site-packages/spektral/data/utils.py:221: UserWarning: you are shuffling a 'MyDataset' object which is not a subclass of 'Sequence'; `shuffle` is not guaranteed to behave correctly. E.g., non-numpy array/tensor objects with view semantics may contain duplicates after shuffling.
  np.random.shuffle(a)
[I 2025-10-18 23:26:40,600] Trial 37 finished with value: 0.5261669754981995 and parameters: {'hidden_units': 128, 'dense_units_0': 128, 'dense_units_1': 32, 'dropout_rate': 0.3140620986232391, 'learning_rate': 0.001209208115399098, 'batch_size': 64}. Best is trial 18 with value: 0.6834500432014465.
/home/ivanam/.conda/envs/bio_inf/lib/python3.11/site-packages/spektral/data/utils.py:221: UserWarning: you are shuffling a 'MyDataset' object which is not a subclass of 'Sequence'; `shuffle` is not guaranteed to behave correctly. E.g., non-numpy array/tensor objects with view semantics may contain duplicates after shuffling.
  np.random.shuffle(a)
[I 2025-10-18 23:26:51,633] Trial 38 finished with value: 0.18261010944843292 and parameters: {'hidden_units': 32, 'dense_units_0': 128, 'dense_units_1': 32, 'dropout_rate': 0.3030154746560522, 'learning_rate': 0.0035224388497917727, 'batch_size': 128}. Best is trial 18 with value: 0.6834500432014465.
/home/ivanam/.conda/envs/bio_inf/lib/python3.11/site-packages/spektral/data/utils.py:221: UserWarning: you are shuffling a 'MyDataset' object which is not a subclass of 'Sequence'; `shuffle` is not guaranteed to behave correctly. E.g., non-numpy array/tensor objects with view semantics may contain duplicates after shuffling.
  np.random.shuffle(a)
[I 2025-10-18 23:27:26,255] Trial 39 finished with value: 0.4473123252391815 and parameters: {'hidden_units': 96, 'dense_units_0': 32, 'dense_units_1': 32, 'dropout_rate': 0.2796618387569875, 'learning_rate': 0.002583955149423039, 'batch_size': 32}. Best is trial 18 with value: 0.6834500432014465.
/home/ivanam/.conda/envs/bio_inf/lib/python3.11/site-packages/spektral/data/utils.py:221: UserWarning: you are shuffling a 'MyDataset' object which is not a subclass of 'Sequence'; `shuffle` is not guaranteed to behave correctly. E.g., non-numpy array/tensor objects with view semantics may contain duplicates after shuffling.
  np.random.shuffle(a)
[I 2025-10-18 23:28:09,039] Trial 40 finished with value: 0.6024077534675598 and parameters: {'hidden_units': 128, 'dense_units_0': 128, 'dense_units_1': 128, 'dropout_rate': 0.3285854967784737, 'learning_rate': 0.0015421983267055967, 'batch_size': 32}. Best is trial 18 with value: 0.6834500432014465.
/home/ivanam/.conda/envs/bio_inf/lib/python3.11/site-packages/spektral/data/utils.py:221: UserWarning: you are shuffling a 'MyDataset' object which is not a subclass of 'Sequence'; `shuffle` is not guaranteed to behave correctly. E.g., non-numpy array/tensor objects with view semantics may contain duplicates after shuffling.
  np.random.shuffle(a)
[I 2025-10-18 23:28:51,998] Trial 41 finished with value: 0.6811373233795166 and parameters: {'hidden_units': 128, 'dense_units_0': 128, 'dense_units_1': 128, 'dropout_rate': 0.2571047091995496, 'learning_rate': 0.0020247653658197447, 'batch_size': 32}. Best is trial 18 with value: 0.6834500432014465.
/home/ivanam/.conda/envs/bio_inf/lib/python3.11/site-packages/spektral/data/utils.py:221: UserWarning: you are shuffling a 'MyDataset' object which is not a subclass of 'Sequence'; `shuffle` is not guaranteed to behave correctly. E.g., non-numpy array/tensor objects with view semantics may contain duplicates after shuffling.
  np.random.shuffle(a)
[I 2025-10-18 23:30:14,758] Trial 42 finished with value: 0.6387262940406799 and parameters: {'hidden_units': 128, 'dense_units_0': 128, 'dense_units_1': 128, 'dropout_rate': 0.2599194049291753, 'learning_rate': 0.0021128256858339817, 'batch_size': 32}. Best is trial 18 with value: 0.6834500432014465.
/home/ivanam/.conda/envs/bio_inf/lib/python3.11/site-packages/spektral/data/utils.py:221: UserWarning: you are shuffling a 'MyDataset' object which is not a subclass of 'Sequence'; `shuffle` is not guaranteed to behave correctly. E.g., non-numpy array/tensor objects with view semantics may contain duplicates after shuffling.
  np.random.shuffle(a)
[I 2025-10-18 23:31:37,931] Trial 43 finished with value: 0.6863940358161926 and parameters: {'hidden_units': 128, 'dense_units_0': 128, 'dense_units_1': 128, 'dropout_rate': 0.27243054654677373, 'learning_rate': 0.001895340844366787, 'batch_size': 32}. Best is trial 43 with value: 0.6863940358161926.
/home/ivanam/.conda/envs/bio_inf/lib/python3.11/site-packages/spektral/data/utils.py:221: UserWarning: you are shuffling a 'MyDataset' object which is not a subclass of 'Sequence'; `shuffle` is not guaranteed to behave correctly. E.g., non-numpy array/tensor objects with view semantics may contain duplicates after shuffling.
  np.random.shuffle(a)
[I 2025-10-18 23:32:19,779] Trial 44 finished with value: 0.54315584897995 and parameters: {'hidden_units': 128, 'dense_units_0': 128, 'dense_units_1': 128, 'dropout_rate': 0.2504474805208733, 'learning_rate': 0.0018641586196710392, 'batch_size': 64}. Best is trial 43 with value: 0.6863940358161926.
/home/ivanam/.conda/envs/bio_inf/lib/python3.11/site-packages/spektral/data/utils.py:221: UserWarning: you are shuffling a 'MyDataset' object which is not a subclass of 'Sequence'; `shuffle` is not guaranteed to behave correctly. E.g., non-numpy array/tensor objects with view semantics may contain duplicates after shuffling.
  np.random.shuffle(a)
[I 2025-10-18 23:33:01,586] Trial 45 finished with value: 0.5368427634239197 and parameters: {'hidden_units': 32, 'dense_units_0': 128, 'dense_units_1': 128, 'dropout_rate': 0.26664429523570654, 'learning_rate': 0.002587462214060269, 'batch_size': 32}. Best is trial 43 with value: 0.6863940358161926.
/home/ivanam/.conda/envs/bio_inf/lib/python3.11/site-packages/spektral/data/utils.py:221: UserWarning: you are shuffling a 'MyDataset' object which is not a subclass of 'Sequence'; `shuffle` is not guaranteed to behave correctly. E.g., non-numpy array/tensor objects with view semantics may contain duplicates after shuffling.
  np.random.shuffle(a)
[I 2025-10-18 23:33:12,057] Trial 46 finished with value: 0.0 and parameters: {'hidden_units': 96, 'dense_units_0': 32, 'dense_units_1': 128, 'dropout_rate': 0.2754702720027405, 'learning_rate': 0.00220165129756434, 'batch_size': 128}. Best is trial 43 with value: 0.6863940358161926.
/home/ivanam/.conda/envs/bio_inf/lib/python3.11/site-packages/spektral/data/utils.py:221: UserWarning: you are shuffling a 'MyDataset' object which is not a subclass of 'Sequence'; `shuffle` is not guaranteed to behave correctly. E.g., non-numpy array/tensor objects with view semantics may contain duplicates after shuffling.
  np.random.shuffle(a)
[I 2025-10-18 23:33:54,946] Trial 47 finished with value: 0.6484639048576355 and parameters: {'hidden_units': 128, 'dense_units_0': 128, 'dense_units_1': 128, 'dropout_rate': 0.2302691547434509, 'learning_rate': 0.004046296051188246, 'batch_size': 32}. Best is trial 43 with value: 0.6863940358161926.
/home/ivanam/.conda/envs/bio_inf/lib/python3.11/site-packages/spektral/data/utils.py:221: UserWarning: you are shuffling a 'MyDataset' object which is not a subclass of 'Sequence'; `shuffle` is not guaranteed to behave correctly. E.g., non-numpy array/tensor objects with view semantics may contain duplicates after shuffling.
  np.random.shuffle(a)
[I 2025-10-18 23:34:25,518] Trial 48 finished with value: 0.6287088990211487 and parameters: {'hidden_units': 64, 'dense_units_0': 64, 'dense_units_1': 128, 'dropout_rate': 0.25139627487371574, 'learning_rate': 0.001495924446526759, 'batch_size': 32}. Best is trial 43 with value: 0.6863940358161926.
/home/ivanam/.conda/envs/bio_inf/lib/python3.11/site-packages/spektral/data/utils.py:221: UserWarning: you are shuffling a 'MyDataset' object which is not a subclass of 'Sequence'; `shuffle` is not guaranteed to behave correctly. E.g., non-numpy array/tensor objects with view semantics may contain duplicates after shuffling.
  np.random.shuffle(a)
[I 2025-10-18 23:35:07,312] Trial 49 finished with value: 0.48155686259269714 and parameters: {'hidden_units': 128, 'dense_units_0': 128, 'dense_units_1': 128, 'dropout_rate': 0.2847222515352103, 'learning_rate': 0.0013053159611368468, 'batch_size': 64}. Best is trial 43 with value: 0.6863940358161926.
/home/ivanam/.conda/envs/bio_inf/lib/python3.11/site-packages/spektral/data/utils.py:221: UserWarning: you are shuffling a 'MyDataset' object which is not a subclass of 'Sequence'; `shuffle` is not guaranteed to behave correctly. E.g., non-numpy array/tensor objects with view semantics may contain duplicates after shuffling.
  np.random.shuffle(a)
[I 2025-10-18 23:35:50,463] Trial 50 finished with value: 0.6924617290496826 and parameters: {'hidden_units': 128, 'dense_units_0': 128, 'dense_units_1': 128, 'dropout_rate': 0.2722744171930887, 'learning_rate': 0.0028484510505891636, 'batch_size': 32}. Best is trial 50 with value: 0.6924617290496826.
/home/ivanam/.conda/envs/bio_inf/lib/python3.11/site-packages/spektral/data/utils.py:221: UserWarning: you are shuffling a 'MyDataset' object which is not a subclass of 'Sequence'; `shuffle` is not guaranteed to behave correctly. E.g., non-numpy array/tensor objects with view semantics may contain duplicates after shuffling.
  np.random.shuffle(a)
[I 2025-10-18 23:36:33,307] Trial 51 finished with value: 0.6247978210449219 and parameters: {'hidden_units': 128, 'dense_units_0': 128, 'dense_units_1': 128, 'dropout_rate': 0.2700531703178729, 'learning_rate': 0.0033282625597631232, 'batch_size': 32}. Best is trial 50 with value: 0.6924617290496826.
/home/ivanam/.conda/envs/bio_inf/lib/python3.11/site-packages/spektral/data/utils.py:221: UserWarning: you are shuffling a 'MyDataset' object which is not a subclass of 'Sequence'; `shuffle` is not guaranteed to behave correctly. E.g., non-numpy array/tensor objects with view semantics may contain duplicates after shuffling.
  np.random.shuffle(a)
[I 2025-10-18 23:37:16,123] Trial 52 finished with value: 0.6272058486938477 and parameters: {'hidden_units': 128, 'dense_units_0': 128, 'dense_units_1': 128, 'dropout_rate': 0.25964901965063725, 'learning_rate': 0.00410515887764333, 'batch_size': 32}. Best is trial 50 with value: 0.6924617290496826.
/home/ivanam/.conda/envs/bio_inf/lib/python3.11/site-packages/spektral/data/utils.py:221: UserWarning: you are shuffling a 'MyDataset' object which is not a subclass of 'Sequence'; `shuffle` is not guaranteed to behave correctly. E.g., non-numpy array/tensor objects with view semantics may contain duplicates after shuffling.
  np.random.shuffle(a)
[I 2025-10-18 23:37:58,932] Trial 53 finished with value: 0.6184127926826477 and parameters: {'hidden_units': 128, 'dense_units_0': 128, 'dense_units_1': 128, 'dropout_rate': 0.28753389859485085, 'learning_rate': 0.002793173983619419, 'batch_size': 32}. Best is trial 50 with value: 0.6924617290496826.
/home/ivanam/.conda/envs/bio_inf/lib/python3.11/site-packages/spektral/data/utils.py:221: UserWarning: you are shuffling a 'MyDataset' object which is not a subclass of 'Sequence'; `shuffle` is not guaranteed to behave correctly. E.g., non-numpy array/tensor objects with view semantics may contain duplicates after shuffling.
  np.random.shuffle(a)
[I 2025-10-18 23:38:41,347] Trial 54 finished with value: 0.6038382053375244 and parameters: {'hidden_units': 128, 'dense_units_0': 128, 'dense_units_1': 64, 'dropout_rate': 0.3998550411493982, 'learning_rate': 0.001832902101153857, 'batch_size': 32}. Best is trial 50 with value: 0.6924617290496826.
/home/ivanam/.conda/envs/bio_inf/lib/python3.11/site-packages/spektral/data/utils.py:221: UserWarning: you are shuffling a 'MyDataset' object which is not a subclass of 'Sequence'; `shuffle` is not guaranteed to behave correctly. E.g., non-numpy array/tensor objects with view semantics may contain duplicates after shuffling.
  np.random.shuffle(a)
