[I 2025-10-19 00:05:25,193] Trial 88 finished with value: 0.6016269326210022 and parameters: {'hidden_units': 128, 'dense_units_0': 128, 'dense_units_1': 128, 'dropout_rate': 0.28761980788876207, 'learning_rate': 0.0023670111334865743, 'batch_size': 32}. Best is trial 70 with value: 0.7047882676124573.
/home/ivanam/.conda/envs/bio_inf/lib/python3.11/site-packages/spektral/data/utils.py:221: UserWarning: you are shuffling a 'MyDataset' object which is not a subclass of 'Sequence'; `shuffle` is not guaranteed to behave correctly. E.g., non-numpy array/tensor objects with view semantics may contain duplicates after shuffling.
  np.random.shuffle(a)
[I 2025-10-19 00:05:46,468] Trial 89 finished with value: 0.02976190112531185 and parameters: {'hidden_units': 128, 'dense_units_0': 32, 'dense_units_1': 128, 'dropout_rate': 0.30397643842032884, 'learning_rate': 0.0025885465728059213, 'batch_size': 128}. Best is trial 70 with value: 0.7047882676124573.
/home/ivanam/.conda/envs/bio_inf/lib/python3.11/site-packages/spektral/data/utils.py:221: UserWarning: you are shuffling a 'MyDataset' object which is not a subclass of 'Sequence'; `shuffle` is not guaranteed to behave correctly. E.g., non-numpy array/tensor objects with view semantics may contain duplicates after shuffling.
  np.random.shuffle(a)
[I 2025-10-19 00:07:09,232] Trial 90 finished with value: 0.6775748133659363 and parameters: {'hidden_units': 128, 'dense_units_0': 128, 'dense_units_1': 128, 'dropout_rate': 0.26228182008872236, 'learning_rate': 0.001657176445876758, 'batch_size': 32}. Best is trial 70 with value: 0.7047882676124573.
/home/ivanam/.conda/envs/bio_inf/lib/python3.11/site-packages/spektral/data/utils.py:221: UserWarning: you are shuffling a 'MyDataset' object which is not a subclass of 'Sequence'; `shuffle` is not guaranteed to behave correctly. E.g., non-numpy array/tensor objects with view semantics may contain duplicates after shuffling.
  np.random.shuffle(a)
[I 2025-10-19 00:07:51,935] Trial 91 finished with value: 0.6426193118095398 and parameters: {'hidden_units': 128, 'dense_units_0': 128, 'dense_units_1': 128, 'dropout_rate': 0.27341526295281654, 'learning_rate': 0.0017114500423218233, 'batch_size': 32}. Best is trial 70 with value: 0.7047882676124573.
/home/ivanam/.conda/envs/bio_inf/lib/python3.11/site-packages/spektral/data/utils.py:221: UserWarning: you are shuffling a 'MyDataset' object which is not a subclass of 'Sequence'; `shuffle` is not guaranteed to behave correctly. E.g., non-numpy array/tensor objects with view semantics may contain duplicates after shuffling.
  np.random.shuffle(a)
[I 2025-10-19 00:08:34,635] Trial 92 finished with value: 0.683887243270874 and parameters: {'hidden_units': 128, 'dense_units_0': 128, 'dense_units_1': 128, 'dropout_rate': 0.2613731587277559, 'learning_rate': 0.0016540105649392436, 'batch_size': 32}. Best is trial 70 with value: 0.7047882676124573.
/home/ivanam/.conda/envs/bio_inf/lib/python3.11/site-packages/spektral/data/utils.py:221: UserWarning: you are shuffling a 'MyDataset' object which is not a subclass of 'Sequence'; `shuffle` is not guaranteed to behave correctly. E.g., non-numpy array/tensor objects with view semantics may contain duplicates after shuffling.
  np.random.shuffle(a)
[I 2025-10-19 00:09:18,645] Trial 93 finished with value: 0.6400122046470642 and parameters: {'hidden_units': 128, 'dense_units_0': 128, 'dense_units_1': 128, 'dropout_rate': 0.2581416900360211, 'learning_rate': 0.0015960075708069611, 'batch_size': 32}. Best is trial 70 with value: 0.7047882676124573.
/home/ivanam/.conda/envs/bio_inf/lib/python3.11/site-packages/spektral/data/utils.py:221: UserWarning: you are shuffling a 'MyDataset' object which is not a subclass of 'Sequence'; `shuffle` is not guaranteed to behave correctly. E.g., non-numpy array/tensor objects with view semantics may contain duplicates after shuffling.
  np.random.shuffle(a)
[I 2025-10-19 00:10:01,895] Trial 94 finished with value: 0.6413653492927551 and parameters: {'hidden_units': 128, 'dense_units_0': 128, 'dense_units_1': 128, 'dropout_rate': 0.28076596711851076, 'learning_rate': 0.0017932763167422168, 'batch_size': 32}. Best is trial 70 with value: 0.7047882676124573.
/home/ivanam/.conda/envs/bio_inf/lib/python3.11/site-packages/spektral/data/utils.py:221: UserWarning: you are shuffling a 'MyDataset' object which is not a subclass of 'Sequence'; `shuffle` is not guaranteed to behave correctly. E.g., non-numpy array/tensor objects with view semantics may contain duplicates after shuffling.
  np.random.shuffle(a)
[I 2025-10-19 00:11:24,683] Trial 95 finished with value: 0.6694833636283875 and parameters: {'hidden_units': 128, 'dense_units_0': 128, 'dense_units_1': 128, 'dropout_rate': 0.2697580404098158, 'learning_rate': 0.0016662175616708383, 'batch_size': 32}. Best is trial 70 with value: 0.7047882676124573.
/home/ivanam/.conda/envs/bio_inf/lib/python3.11/site-packages/spektral/data/utils.py:221: UserWarning: you are shuffling a 'MyDataset' object which is not a subclass of 'Sequence'; `shuffle` is not guaranteed to behave correctly. E.g., non-numpy array/tensor objects with view semantics may contain duplicates after shuffling.
  np.random.shuffle(a)
[I 2025-10-19 00:12:07,453] Trial 96 finished with value: 0.6566285490989685 and parameters: {'hidden_units': 128, 'dense_units_0': 128, 'dense_units_1': 32, 'dropout_rate': 0.24483220403451386, 'learning_rate': 0.001299099185921812, 'batch_size': 32}. Best is trial 70 with value: 0.7047882676124573.
/home/ivanam/.conda/envs/bio_inf/lib/python3.11/site-packages/spektral/data/utils.py:221: UserWarning: you are shuffling a 'MyDataset' object which is not a subclass of 'Sequence'; `shuffle` is not guaranteed to behave correctly. E.g., non-numpy array/tensor objects with view semantics may contain duplicates after shuffling.
  np.random.shuffle(a)
[I 2025-10-19 00:12:50,467] Trial 97 finished with value: 0.6741030216217041 and parameters: {'hidden_units': 128, 'dense_units_0': 128, 'dense_units_1': 128, 'dropout_rate': 0.2390924201460897, 'learning_rate': 0.001990622543178429, 'batch_size': 32}. Best is trial 70 with value: 0.7047882676124573.
/home/ivanam/.conda/envs/bio_inf/lib/python3.11/site-packages/spektral/data/utils.py:221: UserWarning: you are shuffling a 'MyDataset' object which is not a subclass of 'Sequence'; `shuffle` is not guaranteed to behave correctly. E.g., non-numpy array/tensor objects with view semantics may contain duplicates after shuffling.
  np.random.shuffle(a)
[I 2025-10-19 00:14:13,240] Trial 98 finished with value: 0.6282752156257629 and parameters: {'hidden_units': 128, 'dense_units_0': 128, 'dense_units_1': 128, 'dropout_rate': 0.2269390920632158, 'learning_rate': 0.0015127084586467534, 'batch_size': 32}. Best is trial 70 with value: 0.7047882676124573.
/home/ivanam/.conda/envs/bio_inf/lib/python3.11/site-packages/spektral/data/utils.py:221: UserWarning: you are shuffling a 'MyDataset' object which is not a subclass of 'Sequence'; `shuffle` is not guaranteed to behave correctly. E.g., non-numpy array/tensor objects with view semantics may contain duplicates after shuffling.
  np.random.shuffle(a)
[I 2025-10-19 00:14:56,186] Trial 99 finished with value: 0.6862826347351074 and parameters: {'hidden_units': 128, 'dense_units_0': 128, 'dense_units_1': 128, 'dropout_rate': 0.23867210360679686, 'learning_rate': 0.0019098416867869184, 'batch_size': 32}. Best is trial 70 with value: 0.7047882676124573.
