[I 2025-10-18 23:40:04,104] Trial 55 finished with value: 0.6253561973571777 and parameters: {'hidden_units': 128, 'dense_units_0': 128, 'dense_units_1': 128, 'dropout_rate': 0.3022737037855617, 'learning_rate': 0.0020676349182825616, 'batch_size': 32}. Best is trial 50 with value: 0.6924617290496826.
/home/ivanam/.conda/envs/bio_inf/lib/python3.11/site-packages/spektral/data/utils.py:221: UserWarning: you are shuffling a 'MyDataset' object which is not a subclass of 'Sequence'; `shuffle` is not guaranteed to behave correctly. E.g., non-numpy array/tensor objects with view semantics may contain duplicates after shuffling.
  np.random.shuffle(a)
[I 2025-10-18 23:40:47,267] Trial 56 finished with value: 0.6664273142814636 and parameters: {'hidden_units': 128, 'dense_units_0': 128, 'dense_units_1': 128, 'dropout_rate': 0.2758364635235565, 'learning_rate': 0.002484953881114236, 'batch_size': 32}. Best is trial 50 with value: 0.6924617290496826.
/home/ivanam/.conda/envs/bio_inf/lib/python3.11/site-packages/spektral/data/utils.py:221: UserWarning: you are shuffling a 'MyDataset' object which is not a subclass of 'Sequence'; `shuffle` is not guaranteed to behave correctly. E.g., non-numpy array/tensor objects with view semantics may contain duplicates after shuffling.
  np.random.shuffle(a)
[I 2025-10-18 23:42:10,066] Trial 57 finished with value: 0.0 and parameters: {'hidden_units': 128, 'dense_units_0': 32, 'dense_units_1': 128, 'dropout_rate': 0.24726596074182938, 'learning_rate': 0.0028907328903204125, 'batch_size': 32}. Best is trial 50 with value: 0.6924617290496826.
/home/ivanam/.conda/envs/bio_inf/lib/python3.11/site-packages/spektral/data/utils.py:221: UserWarning: you are shuffling a 'MyDataset' object which is not a subclass of 'Sequence'; `shuffle` is not guaranteed to behave correctly. E.g., non-numpy array/tensor objects with view semantics may contain duplicates after shuffling.
  np.random.shuffle(a)
[I 2025-10-18 23:42:22,961] Trial 58 finished with value: 0.482443243265152 and parameters: {'hidden_units': 128, 'dense_units_0': 128, 'dense_units_1': 128, 'dropout_rate': 0.23174952102806118, 'learning_rate': 0.002227226644661656, 'batch_size': 128}. Best is trial 50 with value: 0.6924617290496826.
/home/ivanam/.conda/envs/bio_inf/lib/python3.11/site-packages/spektral/data/utils.py:221: UserWarning: you are shuffling a 'MyDataset' object which is not a subclass of 'Sequence'; `shuffle` is not guaranteed to behave correctly. E.g., non-numpy array/tensor objects with view semantics may contain duplicates after shuffling.
  np.random.shuffle(a)
[I 2025-10-18 23:43:04,770] Trial 59 finished with value: 0.4526714086532593 and parameters: {'hidden_units': 32, 'dense_units_0': 128, 'dense_units_1': 64, 'dropout_rate': 0.37751165018352706, 'learning_rate': 0.0018520953353484038, 'batch_size': 32}. Best is trial 50 with value: 0.6924617290496826.
/home/ivanam/.conda/envs/bio_inf/lib/python3.11/site-packages/spektral/data/utils.py:221: UserWarning: you are shuffling a 'MyDataset' object which is not a subclass of 'Sequence'; `shuffle` is not guaranteed to behave correctly. E.g., non-numpy array/tensor objects with view semantics may contain duplicates after shuffling.
  np.random.shuffle(a)
[I 2025-10-18 23:43:39,839] Trial 60 finished with value: 0.6717140674591064 and parameters: {'hidden_units': 96, 'dense_units_0': 64, 'dense_units_1': 128, 'dropout_rate': 0.2652427954672801, 'learning_rate': 0.003247722942762178, 'batch_size': 32}. Best is trial 50 with value: 0.6924617290496826.
/home/ivanam/.conda/envs/bio_inf/lib/python3.11/site-packages/spektral/data/utils.py:221: UserWarning: you are shuffling a 'MyDataset' object which is not a subclass of 'Sequence'; `shuffle` is not guaranteed to behave correctly. E.g., non-numpy array/tensor objects with view semantics may contain duplicates after shuffling.
  np.random.shuffle(a)
[I 2025-10-18 23:44:21,638] Trial 61 finished with value: 0.625727117061615 and parameters: {'hidden_units': 96, 'dense_units_0': 64, 'dense_units_1': 128, 'dropout_rate': 0.26517236765207697, 'learning_rate': 0.003304970693034911, 'batch_size': 32}. Best is trial 50 with value: 0.6924617290496826.
/home/ivanam/.conda/envs/bio_inf/lib/python3.11/site-packages/spektral/data/utils.py:221: UserWarning: you are shuffling a 'MyDataset' object which is not a subclass of 'Sequence'; `shuffle` is not guaranteed to behave correctly. E.g., non-numpy array/tensor objects with view semantics may contain duplicates after shuffling.
  np.random.shuffle(a)
[I 2025-10-18 23:44:56,677] Trial 62 finished with value: 0.5588751435279846 and parameters: {'hidden_units': 96, 'dense_units_0': 64, 'dense_units_1': 128, 'dropout_rate': 0.2562248661124326, 'learning_rate': 0.0030276402506695076, 'batch_size': 32}. Best is trial 50 with value: 0.6924617290496826.
/home/ivanam/.conda/envs/bio_inf/lib/python3.11/site-packages/spektral/data/utils.py:221: UserWarning: you are shuffling a 'MyDataset' object which is not a subclass of 'Sequence'; `shuffle` is not guaranteed to behave correctly. E.g., non-numpy array/tensor objects with view semantics may contain duplicates after shuffling.
  np.random.shuffle(a)
[I 2025-10-18 23:45:31,646] Trial 63 finished with value: 0.6106751561164856 and parameters: {'hidden_units': 96, 'dense_units_0': 64, 'dense_units_1': 128, 'dropout_rate': 0.28071831395145974, 'learning_rate': 0.0043530853056879745, 'batch_size': 32}. Best is trial 50 with value: 0.6924617290496826.
/home/ivanam/.conda/envs/bio_inf/lib/python3.11/site-packages/spektral/data/utils.py:221: UserWarning: you are shuffling a 'MyDataset' object which is not a subclass of 'Sequence'; `shuffle` is not guaranteed to behave correctly. E.g., non-numpy array/tensor objects with view semantics may contain duplicates after shuffling.
  np.random.shuffle(a)
[I 2025-10-18 23:46:13,443] Trial 64 finished with value: 0.6151102781295776 and parameters: {'hidden_units': 96, 'dense_units_0': 64, 'dense_units_1': 128, 'dropout_rate': 0.27267794404979767, 'learning_rate': 0.0027234002930249827, 'batch_size': 32}. Best is trial 50 with value: 0.6924617290496826.
/home/ivanam/.conda/envs/bio_inf/lib/python3.11/site-packages/spektral/data/utils.py:221: UserWarning: you are shuffling a 'MyDataset' object which is not a subclass of 'Sequence'; `shuffle` is not guaranteed to behave correctly. E.g., non-numpy array/tensor objects with view semantics may contain duplicates after shuffling.
  np.random.shuffle(a)
[I 2025-10-18 23:46:55,521] Trial 65 finished with value: 0.5459210276603699 and parameters: {'hidden_units': 128, 'dense_units_0': 64, 'dense_units_1': 128, 'dropout_rate': 0.22219734818016124, 'learning_rate': 0.0016189665172913147, 'batch_size': 32}. Best is trial 50 with value: 0.6924617290496826.
/home/ivanam/.conda/envs/bio_inf/lib/python3.11/site-packages/spektral/data/utils.py:221: UserWarning: you are shuffling a 'MyDataset' object which is not a subclass of 'Sequence'; `shuffle` is not guaranteed to behave correctly. E.g., non-numpy array/tensor objects with view semantics may contain duplicates after shuffling.
  np.random.shuffle(a)
[I 2025-10-18 23:47:37,322] Trial 66 finished with value: 0.6195603609085083 and parameters: {'hidden_units': 64, 'dense_units_0': 128, 'dense_units_1': 128, 'dropout_rate': 0.21125780906364489, 'learning_rate': 0.0037847650376311836, 'batch_size': 32}. Best is trial 50 with value: 0.6924617290496826.
/home/ivanam/.conda/envs/bio_inf/lib/python3.11/site-packages/spektral/data/utils.py:221: UserWarning: you are shuffling a 'MyDataset' object which is not a subclass of 'Sequence'; `shuffle` is not guaranteed to behave correctly. E.g., non-numpy array/tensor objects with view semantics may contain duplicates after shuffling.
  np.random.shuffle(a)
[I 2025-10-18 23:49:00,081] Trial 67 finished with value: 0.6891717910766602 and parameters: {'hidden_units': 128, 'dense_units_0': 128, 'dense_units_1': 128, 'dropout_rate': 0.29765145872387067, 'learning_rate': 0.0011754421328951878, 'batch_size': 32}. Best is trial 50 with value: 0.6924617290496826.
/home/ivanam/.conda/envs/bio_inf/lib/python3.11/site-packages/spektral/data/utils.py:221: UserWarning: you are shuffling a 'MyDataset' object which is not a subclass of 'Sequence'; `shuffle` is not guaranteed to behave correctly. E.g., non-numpy array/tensor objects with view semantics may contain duplicates after shuffling.
  np.random.shuffle(a)
[I 2025-10-18 23:49:41,879] Trial 68 finished with value: 0.5592808127403259 and parameters: {'hidden_units': 128, 'dense_units_0': 128, 'dense_units_1': 64, 'dropout_rate': 0.2977858476343279, 'learning_rate': 0.0008436929195067121, 'batch_size': 64}. Best is trial 50 with value: 0.6924617290496826.
/home/ivanam/.conda/envs/bio_inf/lib/python3.11/site-packages/spektral/data/utils.py:221: UserWarning: you are shuffling a 'MyDataset' object which is not a subclass of 'Sequence'; `shuffle` is not guaranteed to behave correctly. E.g., non-numpy array/tensor objects with view semantics may contain duplicates after shuffling.
  np.random.shuffle(a)
[I 2025-10-18 23:50:24,719] Trial 69 finished with value: 0.6422565579414368 and parameters: {'hidden_units': 128, 'dense_units_0': 128, 'dense_units_1': 128, 'dropout_rate': 0.30996777017622207, 'learning_rate': 0.001156896355164994, 'batch_size': 32}. Best is trial 50 with value: 0.6924617290496826.
/home/ivanam/.conda/envs/bio_inf/lib/python3.11/site-packages/spektral/data/utils.py:221: UserWarning: you are shuffling a 'MyDataset' object which is not a subclass of 'Sequence'; `shuffle` is not guaranteed to behave correctly. E.g., non-numpy array/tensor objects with view semantics may contain duplicates after shuffling.
  np.random.shuffle(a)
[I 2025-10-18 23:51:07,557] Trial 70 finished with value: 0.7047882676124573 and parameters: {'hidden_units': 128, 'dense_units_0': 128, 'dense_units_1': 128, 'dropout_rate': 0.24547463805122743, 'learning_rate': 0.0009868190138361483, 'batch_size': 32}. Best is trial 70 with value: 0.7047882676124573.
/home/ivanam/.conda/envs/bio_inf/lib/python3.11/site-packages/spektral/data/utils.py:221: UserWarning: you are shuffling a 'MyDataset' object which is not a subclass of 'Sequence'; `shuffle` is not guaranteed to behave correctly. E.g., non-numpy array/tensor objects with view semantics may contain duplicates after shuffling.
  np.random.shuffle(a)
[I 2025-10-18 23:51:50,196] Trial 71 finished with value: 0.6623112559318542 and parameters: {'hidden_units': 128, 'dense_units_0': 128, 'dense_units_1': 128, 'dropout_rate': 0.2429540879798629, 'learning_rate': 0.0009686926033175754, 'batch_size': 32}. Best is trial 70 with value: 0.7047882676124573.
/home/ivanam/.conda/envs/bio_inf/lib/python3.11/site-packages/spektral/data/utils.py:221: UserWarning: you are shuffling a 'MyDataset' object which is not a subclass of 'Sequence'; `shuffle` is not guaranteed to behave correctly. E.g., non-numpy array/tensor objects with view semantics may contain duplicates after shuffling.
  np.random.shuffle(a)
[I 2025-10-18 23:52:32,991] Trial 72 finished with value: 0.5225226283073425 and parameters: {'hidden_units': 128, 'dense_units_0': 128, 'dense_units_1': 128, 'dropout_rate': 0.2855689935309521, 'learning_rate': 0.000818920666960001, 'batch_size': 32}. Best is trial 70 with value: 0.7047882676124573.
/home/ivanam/.conda/envs/bio_inf/lib/python3.11/site-packages/spektral/data/utils.py:221: UserWarning: you are shuffling a 'MyDataset' object which is not a subclass of 'Sequence'; `shuffle` is not guaranteed to behave correctly. E.g., non-numpy array/tensor objects with view semantics may contain duplicates after shuffling.
  np.random.shuffle(a)
[I 2025-10-18 23:53:16,570] Trial 73 finished with value: 0.6614802479743958 and parameters: {'hidden_units': 128, 'dense_units_0': 128, 'dense_units_1': 128, 'dropout_rate': 0.23418265014115353, 'learning_rate': 0.0013643760088597914, 'batch_size': 32}. Best is trial 70 with value: 0.7047882676124573.
/home/ivanam/.conda/envs/bio_inf/lib/python3.11/site-packages/spektral/data/utils.py:221: UserWarning: you are shuffling a 'MyDataset' object which is not a subclass of 'Sequence'; `shuffle` is not guaranteed to behave correctly. E.g., non-numpy array/tensor objects with view semantics may contain duplicates after shuffling.
  np.random.shuffle(a)
[I 2025-10-18 23:54:39,355] Trial 74 finished with value: 0.6130691170692444 and parameters: {'hidden_units': 128, 'dense_units_0': 128, 'dense_units_1': 128, 'dropout_rate': 0.25475842558857537, 'learning_rate': 0.001109448073549387, 'batch_size': 32}. Best is trial 70 with value: 0.7047882676124573.
/home/ivanam/.conda/envs/bio_inf/lib/python3.11/site-packages/spektral/data/utils.py:221: UserWarning: you are shuffling a 'MyDataset' object which is not a subclass of 'Sequence'; `shuffle` is not guaranteed to behave correctly. E.g., non-numpy array/tensor objects with view semantics may contain duplicates after shuffling.
  np.random.shuffle(a)
[I 2025-10-18 23:55:22,673] Trial 75 finished with value: 0.6410569548606873 and parameters: {'hidden_units': 128, 'dense_units_0': 128, 'dense_units_1': 128, 'dropout_rate': 0.2448567982187314, 'learning_rate': 0.0005949904393687208, 'batch_size': 32}. Best is trial 70 with value: 0.7047882676124573.
/home/ivanam/.conda/envs/bio_inf/lib/python3.11/site-packages/spektral/data/utils.py:221: UserWarning: you are shuffling a 'MyDataset' object which is not a subclass of 'Sequence'; `shuffle` is not guaranteed to behave correctly. E.g., non-numpy array/tensor objects with view semantics may contain duplicates after shuffling.
  np.random.shuffle(a)
[I 2025-10-18 23:55:35,408] Trial 76 finished with value: 0.47861337661743164 and parameters: {'hidden_units': 128, 'dense_units_0': 128, 'dense_units_1': 128, 'dropout_rate': 0.290719347491943, 'learning_rate': 0.0010065651894232506, 'batch_size': 128}. Best is trial 70 with value: 0.7047882676124573.
/home/ivanam/.conda/envs/bio_inf/lib/python3.11/site-packages/spektral/data/utils.py:221: UserWarning: you are shuffling a 'MyDataset' object which is not a subclass of 'Sequence'; `shuffle` is not guaranteed to behave correctly. E.g., non-numpy array/tensor objects with view semantics may contain duplicates after shuffling.
  np.random.shuffle(a)
[I 2025-10-18 23:56:18,579] Trial 77 finished with value: 0.6136956214904785 and parameters: {'hidden_units': 128, 'dense_units_0': 128, 'dense_units_1': 128, 'dropout_rate': 0.23706777050651598, 'learning_rate': 0.0007419267251075509, 'batch_size': 32}. Best is trial 70 with value: 0.7047882676124573.
/home/ivanam/.conda/envs/bio_inf/lib/python3.11/site-packages/spektral/data/utils.py:221: UserWarning: you are shuffling a 'MyDataset' object which is not a subclass of 'Sequence'; `shuffle` is not guaranteed to behave correctly. E.g., non-numpy array/tensor objects with view semantics may contain duplicates after shuffling.
  np.random.shuffle(a)
[I 2025-10-18 23:57:41,346] Trial 78 finished with value: 0.6123905777931213 and parameters: {'hidden_units': 128, 'dense_units_0': 128, 'dense_units_1': 128, 'dropout_rate': 0.22717944075605387, 'learning_rate': 0.0009169489845548197, 'batch_size': 32}. Best is trial 70 with value: 0.7047882676124573.
/home/ivanam/.conda/envs/bio_inf/lib/python3.11/site-packages/spektral/data/utils.py:221: UserWarning: you are shuffling a 'MyDataset' object which is not a subclass of 'Sequence'; `shuffle` is not guaranteed to behave correctly. E.g., non-numpy array/tensor objects with view semantics may contain duplicates after shuffling.
  np.random.shuffle(a)
[I 2025-10-18 23:58:24,406] Trial 79 finished with value: 0.6124715209007263 and parameters: {'hidden_units': 128, 'dense_units_0': 128, 'dense_units_1': 32, 'dropout_rate': 0.31920761643994927, 'learning_rate': 0.0019532311563548663, 'batch_size': 32}. Best is trial 70 with value: 0.7047882676124573.
/home/ivanam/.conda/envs/bio_inf/lib/python3.11/site-packages/spektral/data/utils.py:221: UserWarning: you are shuffling a 'MyDataset' object which is not a subclass of 'Sequence'; `shuffle` is not guaranteed to behave correctly. E.g., non-numpy array/tensor objects with view semantics may contain duplicates after shuffling.
  np.random.shuffle(a)
[I 2025-10-18 23:59:06,765] Trial 80 finished with value: 0.5667141675949097 and parameters: {'hidden_units': 128, 'dense_units_0': 32, 'dense_units_1': 64, 'dropout_rate': 0.27691600572858516, 'learning_rate': 0.0014602443208939385, 'batch_size': 32}. Best is trial 70 with value: 0.7047882676124573.
/home/ivanam/.conda/envs/bio_inf/lib/python3.11/site-packages/spektral/data/utils.py:221: UserWarning: you are shuffling a 'MyDataset' object which is not a subclass of 'Sequence'; `shuffle` is not guaranteed to behave correctly. E.g., non-numpy array/tensor objects with view semantics may contain duplicates after shuffling.
  np.random.shuffle(a)
[I 2025-10-18 23:59:48,566] Trial 81 finished with value: 0.6612450480461121 and parameters: {'hidden_units': 96, 'dense_units_0': 128, 'dense_units_1': 128, 'dropout_rate': 0.2653105191830176, 'learning_rate': 0.0017430906357390806, 'batch_size': 32}. Best is trial 70 with value: 0.7047882676124573.
/home/ivanam/.conda/envs/bio_inf/lib/python3.11/site-packages/spektral/data/utils.py:221: UserWarning: you are shuffling a 'MyDataset' object which is not a subclass of 'Sequence'; `shuffle` is not guaranteed to behave correctly. E.g., non-numpy array/tensor objects with view semantics may contain duplicates after shuffling.
  np.random.shuffle(a)
[I 2025-10-19 00:00:30,344] Trial 82 finished with value: 0.5292876362800598 and parameters: {'hidden_units': 32, 'dense_units_0': 64, 'dense_units_1': 128, 'dropout_rate': 0.2966418957296637, 'learning_rate': 0.0032561102973275727, 'batch_size': 32}. Best is trial 70 with value: 0.7047882676124573.
/home/ivanam/.conda/envs/bio_inf/lib/python3.11/site-packages/spektral/data/utils.py:221: UserWarning: you are shuffling a 'MyDataset' object which is not a subclass of 'Sequence'; `shuffle` is not guaranteed to behave correctly. E.g., non-numpy array/tensor objects with view semantics may contain duplicates after shuffling.
  np.random.shuffle(a)
[I 2025-10-19 00:01:12,142] Trial 83 finished with value: 0.6355612874031067 and parameters: {'hidden_units': 64, 'dense_units_0': 128, 'dense_units_1': 128, 'dropout_rate': 0.262129936537113, 'learning_rate': 0.0012016431016175703, 'batch_size': 32}. Best is trial 70 with value: 0.7047882676124573.
/home/ivanam/.conda/envs/bio_inf/lib/python3.11/site-packages/spektral/data/utils.py:221: UserWarning: you are shuffling a 'MyDataset' object which is not a subclass of 'Sequence'; `shuffle` is not guaranteed to behave correctly. E.g., non-numpy array/tensor objects with view semantics may contain duplicates after shuffling.
  np.random.shuffle(a)
[I 2025-10-19 00:01:55,040] Trial 84 finished with value: 0.6161115765571594 and parameters: {'hidden_units': 128, 'dense_units_0': 128, 'dense_units_1': 128, 'dropout_rate': 0.2709028464002633, 'learning_rate': 0.0035008522222776603, 'batch_size': 32}. Best is trial 70 with value: 0.7047882676124573.
/home/ivanam/.conda/envs/bio_inf/lib/python3.11/site-packages/spektral/data/utils.py:221: UserWarning: you are shuffling a 'MyDataset' object which is not a subclass of 'Sequence'; `shuffle` is not guaranteed to behave correctly. E.g., non-numpy array/tensor objects with view semantics may contain duplicates after shuffling.
  np.random.shuffle(a)
[I 2025-10-19 00:02:36,824] Trial 85 finished with value: 0.4126091003417969 and parameters: {'hidden_units': 96, 'dense_units_0': 128, 'dense_units_1': 128, 'dropout_rate': 0.2820928071169056, 'learning_rate': 0.0015539465916316311, 'batch_size': 64}. Best is trial 70 with value: 0.7047882676124573.
/home/ivanam/.conda/envs/bio_inf/lib/python3.11/site-packages/spektral/data/utils.py:221: UserWarning: you are shuffling a 'MyDataset' object which is not a subclass of 'Sequence'; `shuffle` is not guaranteed to behave correctly. E.g., non-numpy array/tensor objects with view semantics may contain duplicates after shuffling.
  np.random.shuffle(a)
[I 2025-10-19 00:03:19,741] Trial 86 finished with value: 0.6138076186180115 and parameters: {'hidden_units': 128, 'dense_units_0': 128, 'dense_units_1': 128, 'dropout_rate': 0.25618140608329015, 'learning_rate': 0.0013680095701635619, 'batch_size': 32}. Best is trial 70 with value: 0.7047882676124573.
/home/ivanam/.conda/envs/bio_inf/lib/python3.11/site-packages/spektral/data/utils.py:221: UserWarning: you are shuffling a 'MyDataset' object which is not a subclass of 'Sequence'; `shuffle` is not guaranteed to behave correctly. E.g., non-numpy array/tensor objects with view semantics may contain duplicates after shuffling.
  np.random.shuffle(a)
[I 2025-10-19 00:04:42,500] Trial 87 finished with value: 0.6627770066261292 and parameters: {'hidden_units': 128, 'dense_units_0': 64, 'dense_units_1': 32, 'dropout_rate': 0.2518141463801815, 'learning_rate': 0.0020620809032648, 'batch_size': 32}. Best is trial 70 with value: 0.7047882676124573.
/home/ivanam/.conda/envs/bio_inf/lib/python3.11/site-packages/spektral/data/utils.py:221: UserWarning: you are shuffling a 'MyDataset' object which is not a subclass of 'Sequence'; `shuffle` is not guaranteed to behave correctly. E.g., non-numpy array/tensor objects with view semantics may contain duplicates after shuffling.
  np.random.shuffle(a)
