/var/spool/slurmd/job11721/slurm_script: line 18: module: command not found
2025-10-19 07:21:57.467097: I tensorflow/tsl/cuda/cudart_stub.cc:28] Could not find cuda drivers on your machine, GPU will not be used.
2025-10-19 07:21:57.490983: E tensorflow/compiler/xla/stream_executor/cuda/cuda_dnn.cc:9342] Unable to register cuDNN factory: Attempting to register factory for plugin cuDNN when one has already been registered
2025-10-19 07:21:57.491007: E tensorflow/compiler/xla/stream_executor/cuda/cuda_fft.cc:609] Unable to register cuFFT factory: Attempting to register factory for plugin cuFFT when one has already been registered
2025-10-19 07:21:57.491025: E tensorflow/compiler/xla/stream_executor/cuda/cuda_blas.cc:1518] Unable to register cuBLAS factory: Attempting to register factory for plugin cuBLAS when one has already been registered
2025-10-19 07:21:57.495585: I tensorflow/tsl/cuda/cudart_stub.cc:28] Could not find cuda drivers on your machine, GPU will not be used.
2025-10-19 07:21:57.495745: I tensorflow/core/platform/cpu_feature_guard.cc:182] This TensorFlow binary is optimized to use available CPU instructions in performance-critical operations.
To enable the following instructions: AVX2 FMA, in other operations, rebuild TensorFlow with the appropriate compiler flags.
2025-10-19 07:21:58.414127: W tensorflow/compiler/tf2tensorrt/utils/py_utils.cc:38] TF-TRT Warning: Could not find TensorRT
[07:22:00] 

****
Pre-condition Violation
no owner
Violation occurred on line 146 in file /home/conda/feedstock_root/build_artifacts/rdkit-meta_1732947292231/work/Code/GraphMol/Atom.h
Failed Expression: dp_mol
----------
Stacktrace:
 0# Invar::Invariant::toString[abi:cxx11]() const in /home/ivanam/.conda/envs/bio_inf/lib/python3.11/site-packages/rdkit/../../../libRDKitRDGeneral.so.1
 1# Invar::operator<<(std::ostream&, Invar::Invariant const&) in /home/ivanam/.conda/envs/bio_inf/lib/python3.11/site-packages/rdkit/../../../libRDKitRDGeneral.so.1
 2# RDKit::Atom::getDegree() const in /home/ivanam/.conda/envs/bio_inf/lib/python3.11/site-packages/rdkit/Chem/../../../../libRDKitGraphMol.so.1
 3# 0x00007FC03008979A in /home/ivanam/.conda/envs/bio_inf/lib/python3.11/site-packages/rdkit/Chem/rdchem.so
 4# boost::python::objects::function::call(_object*, _object*) const in /home/ivanam/.conda/envs/bio_inf/lib/python3.11/site-packages/rdkit/../../../libboost_python311.so.1.86.0
 5# 0x00007FC0306D0449 in /home/ivanam/.conda/envs/bio_inf/lib/python3.11/site-packages/rdkit/../../../libboost_python311.so.1.86.0
 6# boost::python::detail::exception_handler::operator()(boost::function_n<void> const&) const in /home/ivanam/.conda/envs/bio_inf/lib/python3.11/site-packages/rdkit/../../../libboost_python311.so.1.86.0
 7# 0x00007FC02DF88B14 in /home/ivanam/.conda/envs/bio_inf/lib/python3.11/site-packages/rdkit/Chem/rdSLNParse.so
 8# 0x00007FC02E3F5384 in /home/ivanam/.conda/envs/bio_inf/lib/python3.11/site-packages/rdkit/Chem/rdChemReactions.so
 9# 0x00007FC02E3F53D4 in /home/ivanam/.conda/envs/bio_inf/lib/python3.11/site-packages/rdkit/Chem/rdChemReactions.so
10# 0x00007FC02E575804 in /home/ivanam/.conda/envs/bio_inf/lib/python3.11/site-packages/rdkit/Chem/rdMolChemicalFeatures.so
11# 0x00007FC02F0B1174 in /home/ivanam/.conda/envs/bio_inf/lib/python3.11/site-packages/rdkit/Chem/rdDepictor.so
12# 0x00007FC02F850CC4 in /home/ivanam/.conda/envs/bio_inf/lib/python3.11/site-packages/rdkit/Chem/rdmolfiles.so
13# 0x00007FC02F850D14 in /home/ivanam/.conda/envs/bio_inf/lib/python3.11/site-packages/rdkit/Chem/rdmolfiles.so
14# 0x00007FC03C006A24 in /home/ivanam/.conda/envs/bio_inf/lib/python3.11/site-packages/rdkit/Chem/rdCIPLabeler.so
15# 0x00007FC0300D2DC4 in /home/ivanam/.conda/envs/bio_inf/lib/python3.11/site-packages/rdkit/Chem/rdchem.so
16# 0x00007FC03006456D in /home/ivanam/.conda/envs/bio_inf/lib/python3.11/site-packages/rdkit/Chem/rdchem.so
17# 0x00007FC03006408D in /home/ivanam/.conda/envs/bio_inf/lib/python3.11/site-packages/rdkit/Chem/rdchem.so
18# 0x00007FC030063BAD in /home/ivanam/.conda/envs/bio_inf/lib/python3.11/site-packages/rdkit/Chem/rdchem.so
19# 0x00007FC0300636CD in /home/ivanam/.conda/envs/bio_inf/lib/python3.11/site-packages/rdkit/Chem/rdchem.so
20# 0x00007FC0300631ED in /home/ivanam/.conda/envs/bio_inf/lib/python3.11/site-packages/rdkit/Chem/rdchem.so
21# 0x00007FC03079BA94 in /home/ivanam/.conda/envs/bio_inf/lib/python3.11/site-packages/rdkit/rdBase.so
22# 0x00007FC03079BAE4 in /home/ivanam/.conda/envs/bio_inf/lib/python3.11/site-packages/rdkit/rdBase.so
23# 0x00007FC03079BB34 in /home/ivanam/.conda/envs/bio_inf/lib/python3.11/site-packages/rdkit/rdBase.so
24# 0x00007FC03079BB84 in /home/ivanam/.conda/envs/bio_inf/lib/python3.11/site-packages/rdkit/rdBase.so
25# boost::python::handle_exception_impl(boost::function_n<void>) in /home/ivanam/.conda/envs/bio_inf/lib/python3.11/site-packages/rdkit/../../../libboost_python311.so.1.86.0
26# 0x00007FC0306CD9B3 in /home/ivanam/.conda/envs/bio_inf/lib/python3.11/site-packages/rdkit/../../../libboost_python311.so.1.86.0
27# _PyObject_MakeTpCall in /home/ivanam/.conda/envs/bio_inf/bin/python
28# _PyEval_EvalFrameDefault in /home/ivanam/.conda/envs/bio_inf/bin/python
29# 0x000056207B8CC42D in /home/ivanam/.conda/envs/bio_inf/bin/python
30# PyEval_EvalCode in /home/ivanam/.conda/envs/bio_inf/bin/python
31# 0x000056207B8EAA1A in /home/ivanam/.conda/envs/bio_inf/bin/python
32# 0x000056207B8E6593 in /home/ivanam/.conda/envs/bio_inf/bin/python
33# 0x000056207B8FB930 in /home/ivanam/.conda/envs/bio_inf/bin/python
34# _PyRun_SimpleFileObject in /home/ivanam/.conda/envs/bio_inf/bin/python
35# _PyRun_AnyFileObject in /home/ivanam/.conda/envs/bio_inf/bin/python
36# Py_RunMain in /home/ivanam/.conda/envs/bio_inf/bin/python
37# Py_BytesMain in /home/ivanam/.conda/envs/bio_inf/bin/python
38# 0x00007FC09559424A in /lib/x86_64-linux-gnu/libc.so.6
39# __libc_start_main in /lib/x86_64-linux-gnu/libc.so.6
40# 0x000056207B8BB91D in /home/ivanam/.conda/envs/bio_inf/bin/python
----------
****

2025-10-19 07:22:00.695921: I tensorflow/compiler/xla/stream_executor/cuda/cuda_gpu_executor.cc:894] successful NUMA node read from SysFS had negative value (-1), but there must be at least one NUMA node, so returning NUMA node zero. See more at https://github.com/torvalds/linux/blob/v6.0/Documentation/ABI/testing/sysfs-bus-pci#L344-L355
2025-10-19 07:22:00.699579: W tensorflow/core/common_runtime/gpu/gpu_device.cc:2211] Cannot dlopen some GPU libraries. Please make sure the missing libraries mentioned above are installed properly if you would like to use GPU. Follow the guide at https://www.tensorflow.org/install/gpu for how to download and setup the required libraries for your platform.
Skipping registering GPU devices...
[I 2025-10-19 07:22:02,109] A new study created in memory with name: no-name-81498127-7b2b-4023-8f6e-ac939bddf769
/home/ivanam/.conda/envs/bio_inf/lib/python3.11/site-packages/spektral/data/utils.py:221: UserWarning: you are shuffling a 'MyDataset' object which is not a subclass of 'Sequence'; `shuffle` is not guaranteed to behave correctly. E.g., non-numpy array/tensor objects with view semantics may contain duplicates after shuffling.
  np.random.shuffle(a)
/home/ivanam/.conda/envs/bio_inf/lib/python3.11/site-packages/keras/src/initializers/initializers.py:120: UserWarning: The initializer GlorotUniform is unseeded and being called multiple times, which will return identical values each time (even if the initializer is unseeded). Please update your code to provide a seed to the initializer, or avoid using the same initializer instance more than once.
  warnings.warn(
[I 2025-10-19 07:58:40,662] Trial 0 finished with value: 0.44565197825431824 and parameters: {'n_heads': 8, 'units': 128, 'dropout_rate': 0.29477326386601976, 'learning_rate': 0.00010923577353254613, 'batch_size': 64}. Best is trial 0 with value: 0.44565197825431824.
[I 2025-10-19 08:09:23,665] Trial 1 finished with value: 0.494709849357605 and parameters: {'n_heads': 16, 'units': 32, 'dropout_rate': 0.2916412225527674, 'learning_rate': 0.0010544590153538872, 'batch_size': 64}. Best is trial 1 with value: 0.494709849357605.
[I 2025-10-19 08:13:42,237] Trial 2 finished with value: 0.5074412226676941 and parameters: {'n_heads': 4, 'units': 64, 'dropout_rate': 0.2944433834194553, 'learning_rate': 0.00010277464901462053, 'batch_size': 128}. Best is trial 2 with value: 0.5074412226676941.
[I 2025-10-19 08:25:03,531] Trial 3 finished with value: 0.48651620745658875 and parameters: {'n_heads': 8, 'units': 64, 'dropout_rate': 0.3952802904465562, 'learning_rate': 0.0031627613523689912, 'batch_size': 128}. Best is trial 2 with value: 0.5074412226676941.
[I 2025-10-19 09:06:58,333] Trial 4 finished with value: 0.30218005180358887 and parameters: {'n_heads': 8, 'units': 128, 'dropout_rate': 0.35065737609855896, 'learning_rate': 0.0009618270921449861, 'batch_size': 128}. Best is trial 2 with value: 0.5074412226676941.
[I 2025-10-19 09:38:52,244] Trial 5 finished with value: 0.6591663956642151 and parameters: {'n_heads': 8, 'units': 128, 'dropout_rate': 0.34641579877388573, 'learning_rate': 0.0021244721858155852, 'batch_size': 32}. Best is trial 5 with value: 0.6591663956642151.
[I 2025-10-19 09:50:21,375] Trial 6 finished with value: 0.6162849068641663 and parameters: {'n_heads': 4, 'units': 128, 'dropout_rate': 0.20979787762630098, 'learning_rate': 0.000482145097446644, 'batch_size': 128}. Best is trial 5 with value: 0.6591663956642151.
[I 2025-10-19 10:04:03,747] Trial 7 finished with value: 0.335768461227417 and parameters: {'n_heads': 16, 'units': 32, 'dropout_rate': 0.3392065987621642, 'learning_rate': 0.00010572591946631895, 'batch_size': 128}. Best is trial 5 with value: 0.6591663956642151.
[I 2025-10-19 10:36:06,895] Trial 8 finished with value: 0.5127832293510437 and parameters: {'n_heads': 8, 'units': 128, 'dropout_rate': 0.2100733556353987, 'learning_rate': 0.00011090705635024987, 'batch_size': 32}. Best is trial 5 with value: 0.6591663956642151.
[I 2025-10-19 10:40:31,650] Trial 9 finished with value: 0.46122753620147705 and parameters: {'n_heads': 4, 'units': 64, 'dropout_rate': 0.2040892562409985, 'learning_rate': 0.0010729289215288121, 'batch_size': 128}. Best is trial 5 with value: 0.6591663956642151.
[I 2025-10-19 11:12:20,658] Trial 10 finished with value: 0.5535104274749756 and parameters: {'n_heads': 8, 'units': 128, 'dropout_rate': 0.35057165596340906, 'learning_rate': 0.009799594528367038, 'batch_size': 32}. Best is trial 5 with value: 0.6591663956642151.
[I 2025-10-19 11:20:31,263] Trial 11 finished with value: 0.6346271634101868 and parameters: {'n_heads': 4, 'units': 128, 'dropout_rate': 0.24024498976732833, 'learning_rate': 0.000519932525652241, 'batch_size': 32}. Best is trial 5 with value: 0.6591663956642151.
[I 2025-10-19 11:28:49,659] Trial 12 finished with value: 0.5634947419166565 and parameters: {'n_heads': 4, 'units': 128, 'dropout_rate': 0.25313892270416005, 'learning_rate': 0.00038438846227433854, 'batch_size': 32}. Best is trial 5 with value: 0.6591663956642151.
[I 2025-10-19 11:36:55,461] Trial 13 finished with value: 0.6844038367271423 and parameters: {'n_heads': 4, 'units': 128, 'dropout_rate': 0.25187687352495247, 'learning_rate': 0.0028604539781522088, 'batch_size': 32}. Best is trial 13 with value: 0.6844038367271423.
[I 2025-10-19 13:31:18,383] Trial 14 finished with value: 0.6863396167755127 and parameters: {'n_heads': 16, 'units': 128, 'dropout_rate': 0.2597015214817622, 'learning_rate': 0.0033576246348625697, 'batch_size': 32}. Best is trial 14 with value: 0.6863396167755127.
[I 2025-10-19 13:40:09,881] Trial 15 finished with value: 0.6874850392341614 and parameters: {'n_heads': 16, 'units': 32, 'dropout_rate': 0.25691215623446845, 'learning_rate': 0.005853423962716813, 'batch_size': 32}. Best is trial 15 with value: 0.6874850392341614.
[I 2025-10-19 13:48:57,691] Trial 16 finished with value: 0.6806674003601074 and parameters: {'n_heads': 16, 'units': 32, 'dropout_rate': 0.26246111066141475, 'learning_rate': 0.008584089888056411, 'batch_size': 32}. Best is trial 15 with value: 0.6874850392341614.
[I 2025-10-19 13:57:49,837] Trial 17 finished with value: 0.644944965839386 and parameters: {'n_heads': 16, 'units': 32, 'dropout_rate': 0.27285284461781073, 'learning_rate': 0.005293652123017374, 'batch_size': 32}. Best is trial 15 with value: 0.6874850392341614.
[I 2025-10-19 14:08:37,143] Trial 18 finished with value: 0.5824664235115051 and parameters: {'n_heads': 16, 'units': 32, 'dropout_rate': 0.2759676007665764, 'learning_rate': 0.005172005690580356, 'batch_size': 64}. Best is trial 15 with value: 0.6874850392341614.
[I 2025-10-19 14:17:35,201] Trial 19 finished with value: 0.6041952967643738 and parameters: {'n_heads': 16, 'units': 32, 'dropout_rate': 0.31849486841119834, 'learning_rate': 0.0018085168177080272, 'batch_size': 32}. Best is trial 15 with value: 0.6874850392341614.
[I 2025-10-19 14:26:37,689] Trial 20 finished with value: 0.6984767913818359 and parameters: {'n_heads': 16, 'units': 32, 'dropout_rate': 0.23199390294893144, 'learning_rate': 0.0044131019461874105, 'batch_size': 32}. Best is trial 20 with value: 0.6984767913818359.
[I 2025-10-19 14:35:34,521] Trial 21 finished with value: 0.699228048324585 and parameters: {'n_heads': 16, 'units': 32, 'dropout_rate': 0.22805890587946642, 'learning_rate': 0.005066656604431101, 'batch_size': 32}. Best is trial 21 with value: 0.699228048324585.
[I 2025-10-19 14:44:28,907] Trial 22 finished with value: 0.7079249024391174 and parameters: {'n_heads': 16, 'units': 32, 'dropout_rate': 0.2303912094105778, 'learning_rate': 0.00559974501246504, 'batch_size': 32}. Best is trial 22 with value: 0.7079249024391174.
[I 2025-10-19 14:53:32,577] Trial 23 finished with value: 0.6571106910705566 and parameters: {'n_heads': 16, 'units': 32, 'dropout_rate': 0.22848688527967173, 'learning_rate': 0.0066680851365600695, 'batch_size': 32}. Best is trial 22 with value: 0.7079249024391174.
[I 2025-10-19 15:02:31,012] Trial 24 finished with value: 0.6898831725120544 and parameters: {'n_heads': 16, 'units': 32, 'dropout_rate': 0.22695771946297746, 'learning_rate': 0.003989697622120732, 'batch_size': 32}. Best is trial 22 with value: 0.7079249024391174.
[I 2025-10-19 15:13:19,610] Trial 25 finished with value: 0.6657102704048157 and parameters: {'n_heads': 16, 'units': 32, 'dropout_rate': 0.23024467772840893, 'learning_rate': 0.0019357642434658364, 'batch_size': 64}. Best is trial 22 with value: 0.7079249024391174.
[I 2025-10-19 15:22:25,208] Trial 26 finished with value: 0.6600520014762878 and parameters: {'n_heads': 16, 'units': 32, 'dropout_rate': 0.22097184312585463, 'learning_rate': 0.004360008274742209, 'batch_size': 32}. Best is trial 22 with value: 0.7079249024391174.
[I 2025-10-19 15:31:25,787] Trial 27 finished with value: 0.6511639952659607 and parameters: {'n_heads': 16, 'units': 32, 'dropout_rate': 0.24551070545658607, 'learning_rate': 0.006713229433704552, 'batch_size': 32}. Best is trial 22 with value: 0.7079249024391174.
[I 2025-10-19 15:40:37,937] Trial 28 finished with value: 0.6853978037834167 and parameters: {'n_heads': 16, 'units': 32, 'dropout_rate': 0.20034237370531854, 'learning_rate': 0.0026299985176269267, 'batch_size': 32}. Best is trial 22 with value: 0.7079249024391174.
[I 2025-10-19 16:16:20,777] Trial 29 finished with value: 0.6023001074790955 and parameters: {'n_heads': 16, 'units': 64, 'dropout_rate': 0.27404986660503755, 'learning_rate': 0.001429974739354563, 'batch_size': 64}. Best is trial 22 with value: 0.7079249024391174.
[I 2025-10-19 16:25:16,855] Trial 30 finished with value: 0.6547443270683289 and parameters: {'n_heads': 16, 'units': 32, 'dropout_rate': 0.3180850108128114, 'learning_rate': 0.008615024166075215, 'batch_size': 32}. Best is trial 22 with value: 0.7079249024391174.
[I 2025-10-19 16:34:22,589] Trial 31 finished with value: 0.549382209777832 and parameters: {'n_heads': 16, 'units': 32, 'dropout_rate': 0.2240644023155115, 'learning_rate': 0.004132405213789142, 'batch_size': 32}. Best is trial 22 with value: 0.7079249024391174.
[I 2025-10-19 16:43:18,755] Trial 32 finished with value: 0.6807687282562256 and parameters: {'n_heads': 16, 'units': 32, 'dropout_rate': 0.23463458164245146, 'learning_rate': 0.0037792017426496543, 'batch_size': 32}. Best is trial 22 with value: 0.7079249024391174.
[I 2025-10-19 16:54:11,160] Trial 33 finished with value: 0.6713040471076965 and parameters: {'n_heads': 16, 'units': 32, 'dropout_rate': 0.21893463516124828, 'learning_rate': 0.0068086612301597885, 'batch_size': 64}. Best is trial 22 with value: 0.7079249024391174.
[I 2025-10-19 17:03:19,792] Trial 34 finished with value: 0.6303353309631348 and parameters: {'n_heads': 16, 'units': 32, 'dropout_rate': 0.23936339905975723, 'learning_rate': 0.002610296919504568, 'batch_size': 32}. Best is trial 22 with value: 0.7079249024391174.
[I 2025-10-19 17:34:51,989] Trial 35 finished with value: 0.6415648460388184 and parameters: {'n_heads': 16, 'units': 64, 'dropout_rate': 0.3945540245419821, 'learning_rate': 0.00448437525755415, 'batch_size': 32}. Best is trial 22 with value: 0.7079249024391174.
[I 2025-10-19 17:43:51,920] Trial 36 finished with value: 0.7069768905639648 and parameters: {'n_heads': 16, 'units': 32, 'dropout_rate': 0.21938159142236946, 'learning_rate': 0.0015534524198490681, 'batch_size': 32}. Best is trial 22 with value: 0.7079249024391174.
[I 2025-10-19 17:49:03,379] Trial 37 finished with value: 0.34600046277046204 and parameters: {'n_heads': 8, 'units': 32, 'dropout_rate': 0.28763434102445573, 'learning_rate': 0.0008567626890023326, 'batch_size': 128}. Best is trial 22 with value: 0.7079249024391174.
[I 2025-10-19 17:59:51,216] Trial 38 finished with value: 0.4987858831882477 and parameters: {'n_heads': 16, 'units': 32, 'dropout_rate': 0.21443636725479692, 'learning_rate': 0.0002731236625165329, 'batch_size': 64}. Best is trial 22 with value: 0.7079249024391174.
[I 2025-10-19 18:08:10,557] Trial 39 finished with value: 0.6374654769897461 and parameters: {'n_heads': 8, 'units': 64, 'dropout_rate': 0.2448021151443872, 'learning_rate': 0.0013816057374510238, 'batch_size': 32}. Best is trial 22 with value: 0.7079249024391174.
[I 2025-10-19 18:21:38,450] Trial 40 finished with value: 0.509859561920166 and parameters: {'n_heads': 16, 'units': 32, 'dropout_rate': 0.21191825033329179, 'learning_rate': 0.0007665530268889012, 'batch_size': 128}. Best is trial 22 with value: 0.7079249024391174.
[I 2025-10-19 18:30:37,533] Trial 41 finished with value: 0.678683340549469 and parameters: {'n_heads': 16, 'units': 32, 'dropout_rate': 0.23258321377211066, 'learning_rate': 0.003228165693633235, 'batch_size': 32}. Best is trial 22 with value: 0.7079249024391174.
[I 2025-10-19 18:39:40,631] Trial 42 finished with value: 0.6456902027130127 and parameters: {'n_heads': 16, 'units': 32, 'dropout_rate': 0.22132329852036384, 'learning_rate': 0.0023982504755417585, 'batch_size': 32}. Best is trial 22 with value: 0.7079249024391174.
[I 2025-10-19 18:48:34,612] Trial 43 finished with value: 0.6945684552192688 and parameters: {'n_heads': 16, 'units': 32, 'dropout_rate': 0.2058973074269439, 'learning_rate': 0.005222687359046866, 'batch_size': 32}. Best is trial 22 with value: 0.7079249024391174.
[I 2025-10-19 18:57:38,381] Trial 44 finished with value: 0.672416627407074 and parameters: {'n_heads': 16, 'units': 32, 'dropout_rate': 0.20268892706737537, 'learning_rate': 0.007856766181101597, 'batch_size': 32}. Best is trial 22 with value: 0.7079249024391174.
[I 2025-10-19 18:59:17,092] Trial 45 finished with value: 0.6886922717094421 and parameters: {'n_heads': 4, 'units': 32, 'dropout_rate': 0.20749026676221816, 'learning_rate': 0.005378631563222017, 'batch_size': 32}. Best is trial 22 with value: 0.7079249024391174.
[I 2025-10-19 19:07:26,750] Trial 46 finished with value: 0.6506505608558655 and parameters: {'n_heads': 8, 'units': 64, 'dropout_rate': 0.37456111837806827, 'learning_rate': 0.0015722266817722787, 'batch_size': 32}. Best is trial 22 with value: 0.7079249024391174.
[I 2025-10-19 19:20:58,642] Trial 47 finished with value: 0.6176215410232544 and parameters: {'n_heads': 16, 'units': 32, 'dropout_rate': 0.21464125465126868, 'learning_rate': 0.0011628120808306153, 'batch_size': 128}. Best is trial 22 with value: 0.7079249024391174.
[I 2025-10-19 19:22:39,717] Trial 48 finished with value: 0.494724839925766 and parameters: {'n_heads': 4, 'units': 32, 'dropout_rate': 0.2477528316366588, 'learning_rate': 0.0001653265237874559, 'batch_size': 32}. Best is trial 22 with value: 0.7079249024391174.
[I 2025-10-19 19:31:40,826] Trial 49 finished with value: 0.581210196018219 and parameters: {'n_heads': 16, 'units': 32, 'dropout_rate': 0.2654905073249102, 'learning_rate': 0.000623881749349029, 'batch_size': 32}. Best is trial 22 with value: 0.7079249024391174.
[I 2025-10-19 21:25:11,384] Trial 50 finished with value: 0.0 and parameters: {'n_heads': 16, 'units': 128, 'dropout_rate': 0.23902836304265693, 'learning_rate': 0.009352011800704201, 'batch_size': 32}. Best is trial 22 with value: 0.7079249024391174.
[I 2025-10-19 21:34:19,547] Trial 51 finished with value: 0.6823306679725647 and parameters: {'n_heads': 16, 'units': 32, 'dropout_rate': 0.22593976984501338, 'learning_rate': 0.0035387464137663837, 'batch_size': 32}. Best is trial 22 with value: 0.7079249024391174.
[I 2025-10-19 21:43:20,219] Trial 52 finished with value: 0.7034015655517578 and parameters: {'n_heads': 16, 'units': 32, 'dropout_rate': 0.2000103902589424, 'learning_rate': 0.004656516875542644, 'batch_size': 32}. Best is trial 22 with value: 0.7079249024391174.
[I 2025-10-19 21:52:17,935] Trial 53 finished with value: 0.6786227822303772 and parameters: {'n_heads': 16, 'units': 32, 'dropout_rate': 0.20044789527211224, 'learning_rate': 0.007188096769846617, 'batch_size': 32}. Best is trial 22 with value: 0.7079249024391174.
