[I 2025-10-19 22:01:22,504] Trial 54 finished with value: 0.6510191559791565 and parameters: {'n_heads': 16, 'units': 32, 'dropout_rate': 0.21102694400696903, 'learning_rate': 0.004973758069361563, 'batch_size': 32}. Best is trial 22 with value: 0.7079249024391174.
[I 2025-10-19 22:10:29,124] Trial 55 finished with value: 0.6513038873672485 and parameters: {'n_heads': 16, 'units': 32, 'dropout_rate': 0.21790263749624195, 'learning_rate': 0.005983041366893256, 'batch_size': 32}. Best is trial 22 with value: 0.7079249024391174.
[I 2025-10-19 22:12:07,604] Trial 56 finished with value: 0.6522591710090637 and parameters: {'n_heads': 4, 'units': 32, 'dropout_rate': 0.20714330891934207, 'learning_rate': 0.0021933201779128627, 'batch_size': 32}. Best is trial 22 with value: 0.7079249024391174.
[I 2025-10-19 22:17:25,449] Trial 57 finished with value: 0.6490575671195984 and parameters: {'n_heads': 8, 'units': 32, 'dropout_rate': 0.23650984673167988, 'learning_rate': 0.004624641990544853, 'batch_size': 128}. Best is trial 22 with value: 0.7079249024391174.
[I 2025-10-20 00:11:55,086] Trial 58 finished with value: 0.6022773385047913 and parameters: {'n_heads': 16, 'units': 128, 'dropout_rate': 0.2302725888641145, 'learning_rate': 0.003150059880650662, 'batch_size': 32}. Best is trial 22 with value: 0.7079249024391174.
[I 2025-10-20 00:20:58,675] Trial 59 finished with value: 0.6738533973693848 and parameters: {'n_heads': 16, 'units': 32, 'dropout_rate': 0.25252724256497255, 'learning_rate': 0.003048730639614967, 'batch_size': 32}. Best is trial 22 with value: 0.7079249024391174.
[I 2025-10-20 00:56:21,181] Trial 60 finished with value: 0.629180908203125 and parameters: {'n_heads': 16, 'units': 64, 'dropout_rate': 0.20749212478667026, 'learning_rate': 0.009813216562353457, 'batch_size': 64}. Best is trial 22 with value: 0.7079249024391174.
[I 2025-10-20 01:05:13,072] Trial 61 finished with value: 0.7012785077095032 and parameters: {'n_heads': 16, 'units': 32, 'dropout_rate': 0.2264994811509459, 'learning_rate': 0.005911921823431889, 'batch_size': 32}. Best is trial 22 with value: 0.7079249024391174.
[I 2025-10-20 01:14:30,106] Trial 62 finished with value: 0.6759421825408936 and parameters: {'n_heads': 16, 'units': 32, 'dropout_rate': 0.22237275705486553, 'learning_rate': 0.005834927270367667, 'batch_size': 32}. Best is trial 22 with value: 0.7079249024391174.
[I 2025-10-20 01:23:35,798] Trial 63 finished with value: 0.6724624633789062 and parameters: {'n_heads': 16, 'units': 32, 'dropout_rate': 0.21492902583414034, 'learning_rate': 0.0038828341968001764, 'batch_size': 32}. Best is trial 22 with value: 0.7079249024391174.
[I 2025-10-20 01:32:44,555] Trial 64 finished with value: 0.5703165531158447 and parameters: {'n_heads': 16, 'units': 32, 'dropout_rate': 0.24568746886562992, 'learning_rate': 0.007992709372525693, 'batch_size': 32}. Best is trial 22 with value: 0.7079249024391174.
[I 2025-10-20 01:41:44,945] Trial 65 finished with value: 0.5857304930686951 and parameters: {'n_heads': 16, 'units': 32, 'dropout_rate': 0.3010055263669328, 'learning_rate': 0.004921034068260316, 'batch_size': 32}. Best is trial 22 with value: 0.7079249024391174.
[I 2025-10-20 01:50:41,256] Trial 66 finished with value: 0.5973747372627258 and parameters: {'n_heads': 16, 'units': 32, 'dropout_rate': 0.2276022652095596, 'learning_rate': 0.0062329624997162734, 'batch_size': 32}. Best is trial 22 with value: 0.7079249024391174.
[I 2025-10-20 01:59:44,821] Trial 67 finished with value: 0.5461880564689636 and parameters: {'n_heads': 16, 'units': 32, 'dropout_rate': 0.2662935965331558, 'learning_rate': 0.0077860170445694914, 'batch_size': 32}. Best is trial 22 with value: 0.7079249024391174.
[I 2025-10-20 03:54:14,601] Trial 68 finished with value: 0.6474313735961914 and parameters: {'n_heads': 16, 'units': 128, 'dropout_rate': 0.23499868461486298, 'learning_rate': 0.004164200608791319, 'batch_size': 32}. Best is trial 22 with value: 0.7079249024391174.
[I 2025-10-20 03:55:52,941] Trial 69 finished with value: 0.6500840783119202 and parameters: {'n_heads': 4, 'units': 32, 'dropout_rate': 0.21766203645952023, 'learning_rate': 0.005322141564447122, 'batch_size': 32}. Best is trial 22 with value: 0.7079249024391174.
[I 2025-10-20 04:06:38,115] Trial 70 finished with value: 0.6746818423271179 and parameters: {'n_heads': 16, 'units': 32, 'dropout_rate': 0.2581113943819202, 'learning_rate': 0.0027663486901063116, 'batch_size': 64}. Best is trial 22 with value: 0.7079249024391174.
[I 2025-10-20 04:15:38,395] Trial 71 finished with value: 0.6194669604301453 and parameters: {'n_heads': 16, 'units': 32, 'dropout_rate': 0.2260485053608804, 'learning_rate': 0.0036549559536475876, 'batch_size': 32}. Best is trial 22 with value: 0.7079249024391174.
[I 2025-10-20 04:24:45,876] Trial 72 finished with value: 0.6785171031951904 and parameters: {'n_heads': 16, 'units': 32, 'dropout_rate': 0.2049930621642632, 'learning_rate': 0.00683587301708697, 'batch_size': 32}. Best is trial 22 with value: 0.7079249024391174.
[I 2025-10-20 04:33:53,562] Trial 73 finished with value: 0.6555748581886292 and parameters: {'n_heads': 16, 'units': 32, 'dropout_rate': 0.2428499462210869, 'learning_rate': 0.004430208660210688, 'batch_size': 32}. Best is trial 22 with value: 0.7079249024391174.
[I 2025-10-20 04:42:47,188] Trial 74 finished with value: 0.6802334785461426 and parameters: {'n_heads': 16, 'units': 32, 'dropout_rate': 0.2310386748673345, 'learning_rate': 0.005980305118611534, 'batch_size': 32}. Best is trial 22 with value: 0.7079249024391174.
[I 2025-10-20 04:52:01,246] Trial 75 finished with value: 0.6596911549568176 and parameters: {'n_heads': 16, 'units': 32, 'dropout_rate': 0.22219285200503108, 'learning_rate': 0.004068749252263295, 'batch_size': 32}. Best is trial 22 with value: 0.7079249024391174.
[I 2025-10-20 04:57:11,277] Trial 76 finished with value: 0.6129067540168762 and parameters: {'n_heads': 8, 'units': 32, 'dropout_rate': 0.21015200226652975, 'learning_rate': 0.0017821287671944811, 'batch_size': 128}. Best is trial 22 with value: 0.7079249024391174.
[I 2025-10-20 05:27:32,888] Trial 77 finished with value: 0.6639077663421631 and parameters: {'n_heads': 16, 'units': 64, 'dropout_rate': 0.24954171883363452, 'learning_rate': 0.0035524932495280123, 'batch_size': 32}. Best is trial 22 with value: 0.7079249024391174.
[I 2025-10-20 05:36:42,619] Trial 78 finished with value: 0.5912456512451172 and parameters: {'n_heads': 16, 'units': 32, 'dropout_rate': 0.23795127090652704, 'learning_rate': 0.005202679076276065, 'batch_size': 32}. Best is trial 22 with value: 0.7079249024391174.
[I 2025-10-20 05:45:49,150] Trial 79 finished with value: 0.6884382367134094 and parameters: {'n_heads': 16, 'units': 32, 'dropout_rate': 0.20053170301183887, 'learning_rate': 0.004579362108834416, 'batch_size': 32}. Best is trial 22 with value: 0.7079249024391174.
[I 2025-10-20 05:54:43,919] Trial 80 finished with value: 0.553225576877594 and parameters: {'n_heads': 16, 'units': 32, 'dropout_rate': 0.3303979928762496, 'learning_rate': 0.00035499135589869515, 'batch_size': 32}. Best is trial 22 with value: 0.7079249024391174.
[I 2025-10-20 05:56:24,719] Trial 81 finished with value: 0.6718614101409912 and parameters: {'n_heads': 4, 'units': 32, 'dropout_rate': 0.2062645933098989, 'learning_rate': 0.005635302082958042, 'batch_size': 32}. Best is trial 22 with value: 0.7079249024391174.
[I 2025-10-20 05:58:20,216] Trial 82 finished with value: 0.6286341547966003 and parameters: {'n_heads': 4, 'units': 32, 'dropout_rate': 0.21013936406193764, 'learning_rate': 0.006969087129012119, 'batch_size': 32}. Best is trial 22 with value: 0.7079249024391174.
[I 2025-10-20 06:00:03,016] Trial 83 finished with value: 0.6753919124603271 and parameters: {'n_heads': 4, 'units': 32, 'dropout_rate': 0.21722783156357928, 'learning_rate': 0.00521023945576413, 'batch_size': 32}. Best is trial 22 with value: 0.7079249024391174.
[I 2025-10-20 06:01:44,050] Trial 84 finished with value: 0.5764995813369751 and parameters: {'n_heads': 4, 'units': 32, 'dropout_rate': 0.22446089798857072, 'learning_rate': 0.0024866633933163526, 'batch_size': 32}. Best is trial 22 with value: 0.7079249024391174.
[I 2025-10-20 06:03:23,135] Trial 85 finished with value: 0.6698616147041321 and parameters: {'n_heads': 4, 'units': 32, 'dropout_rate': 0.2132710769287616, 'learning_rate': 0.006493243671647099, 'batch_size': 32}. Best is trial 22 with value: 0.7079249024391174.
[I 2025-10-20 06:14:17,748] Trial 86 finished with value: 0.6848583817481995 and parameters: {'n_heads': 16, 'units': 32, 'dropout_rate': 0.23047828734487347, 'learning_rate': 0.008919183830047327, 'batch_size': 64}. Best is trial 22 with value: 0.7079249024391174.
[I 2025-10-20 06:22:32,035] Trial 87 finished with value: 0.6609606742858887 and parameters: {'n_heads': 4, 'units': 128, 'dropout_rate': 0.22007067576085576, 'learning_rate': 0.003293533695278803, 'batch_size': 32}. Best is trial 22 with value: 0.7079249024391174.
[I 2025-10-20 06:26:06,600] Trial 88 finished with value: 0.6770491003990173 and parameters: {'n_heads': 8, 'units': 32, 'dropout_rate': 0.20276162340756212, 'learning_rate': 0.007469090161957207, 'batch_size': 32}. Best is trial 22 with value: 0.7079249024391174.
[I 2025-10-20 06:39:22,427] Trial 89 finished with value: 0.4969500005245209 and parameters: {'n_heads': 16, 'units': 32, 'dropout_rate': 0.24034187869546472, 'learning_rate': 0.0047957813589613275, 'batch_size': 128}. Best is trial 22 with value: 0.7079249024391174.
[I 2025-10-20 07:09:39,379] Trial 90 finished with value: 0.6296597123146057 and parameters: {'n_heads': 16, 'units': 64, 'dropout_rate': 0.20733888083409885, 'learning_rate': 0.0028618646385813688, 'batch_size': 32}. Best is trial 22 with value: 0.7079249024391174.
[I 2025-10-20 07:18:45,101] Trial 91 finished with value: 0.6935794353485107 and parameters: {'n_heads': 16, 'units': 32, 'dropout_rate': 0.20001824811756416, 'learning_rate': 0.004582081695531984, 'batch_size': 32}. Best is trial 22 with value: 0.7079249024391174.
[I 2025-10-20 07:27:45,094] Trial 92 finished with value: 0.5978426933288574 and parameters: {'n_heads': 16, 'units': 32, 'dropout_rate': 0.21188420478955888, 'learning_rate': 0.005455785160792448, 'batch_size': 32}. Best is trial 22 with value: 0.7079249024391174.
[I 2025-10-20 07:36:54,251] Trial 93 finished with value: 0.7096099257469177 and parameters: {'n_heads': 16, 'units': 32, 'dropout_rate': 0.20448627777803788, 'learning_rate': 0.0038878276783804733, 'batch_size': 32}. Best is trial 93 with value: 0.7096099257469177.
[I 2025-10-20 07:45:50,705] Trial 94 finished with value: 0.6867689490318298 and parameters: {'n_heads': 16, 'units': 32, 'dropout_rate': 0.20000480338391435, 'learning_rate': 0.003935051493179462, 'batch_size': 32}. Best is trial 93 with value: 0.7096099257469177.
[I 2025-10-20 07:54:56,753] Trial 95 finished with value: 0.6974961757659912 and parameters: {'n_heads': 16, 'units': 32, 'dropout_rate': 0.21595013450236167, 'learning_rate': 0.00420746493250327, 'batch_size': 32}. Best is trial 93 with value: 0.7096099257469177.
[I 2025-10-20 08:04:01,392] Trial 96 finished with value: 0.6457902789115906 and parameters: {'n_heads': 16, 'units': 32, 'dropout_rate': 0.21524790919840958, 'learning_rate': 0.002291240848731424, 'batch_size': 32}. Best is trial 93 with value: 0.7096099257469177.
[I 2025-10-20 08:13:12,020] Trial 97 finished with value: 0.5970192551612854 and parameters: {'n_heads': 16, 'units': 32, 'dropout_rate': 0.20466741774612046, 'learning_rate': 0.002034920698190367, 'batch_size': 32}. Best is trial 93 with value: 0.7096099257469177.
[I 2025-10-20 08:22:08,539] Trial 98 finished with value: 0.6701422333717346 and parameters: {'n_heads': 16, 'units': 32, 'dropout_rate': 0.3595412430975766, 'learning_rate': 0.004376825524708369, 'batch_size': 32}. Best is trial 93 with value: 0.7096099257469177.
[I 2025-10-20 08:31:22,187] Trial 99 finished with value: 0.6246410012245178 and parameters: {'n_heads': 16, 'units': 32, 'dropout_rate': 0.219176758322839, 'learning_rate': 0.0012173459492028243, 'batch_size': 32}. Best is trial 93 with value: 0.7096099257469177.
