[I 2025-10-19 00:56:48,075] Trial 88 finished with value: 0.6134045720100403 and parameters: {'hidden_units': 128, 'dense_units_0': 64, 'dense_units_1': 64, 'dropout_rate': 0.2871000155474747, 'learning_rate': 0.0006401345395534492, 'batch_size': 64}. Best is trial 65 with value: 0.7091760039329529.
/home/ivanam/.conda/envs/bio_inf/lib/python3.11/site-packages/spektral/data/utils.py:221: UserWarning: you are shuffling a 'MyDataset' object which is not a subclass of 'Sequence'; `shuffle` is not guaranteed to behave correctly. E.g., non-numpy array/tensor objects with view semantics may contain duplicates after shuffling.
  np.random.shuffle(a)
[I 2025-10-19 00:58:11,267] Trial 89 finished with value: 0.6465385556221008 and parameters: {'hidden_units': 256, 'dense_units_0': 128, 'dense_units_1': 128, 'dropout_rate': 0.3054820819554967, 'learning_rate': 0.0009731911584916236, 'batch_size': 128}. Best is trial 65 with value: 0.7091760039329529.
/home/ivanam/.conda/envs/bio_inf/lib/python3.11/site-packages/spektral/data/utils.py:221: UserWarning: you are shuffling a 'MyDataset' object which is not a subclass of 'Sequence'; `shuffle` is not guaranteed to behave correctly. E.g., non-numpy array/tensor objects with view semantics may contain duplicates after shuffling.
  np.random.shuffle(a)
[I 2025-10-19 00:59:34,559] Trial 90 finished with value: 0.6472280621528625 and parameters: {'hidden_units': 256, 'dense_units_0': 64, 'dense_units_1': 128, 'dropout_rate': 0.27508007349266156, 'learning_rate': 0.0017524505160110295, 'batch_size': 64}. Best is trial 65 with value: 0.7091760039329529.
/home/ivanam/.conda/envs/bio_inf/lib/python3.11/site-packages/spektral/data/utils.py:221: UserWarning: you are shuffling a 'MyDataset' object which is not a subclass of 'Sequence'; `shuffle` is not guaranteed to behave correctly. E.g., non-numpy array/tensor objects with view semantics may contain duplicates after shuffling.
  np.random.shuffle(a)
[I 2025-10-19 01:00:57,876] Trial 91 finished with value: 0.6508099436759949 and parameters: {'hidden_units': 256, 'dense_units_0': 64, 'dense_units_1': 128, 'dropout_rate': 0.258747294394335, 'learning_rate': 0.0009012015091931186, 'batch_size': 128}. Best is trial 65 with value: 0.7091760039329529.
/home/ivanam/.conda/envs/bio_inf/lib/python3.11/site-packages/spektral/data/utils.py:221: UserWarning: you are shuffling a 'MyDataset' object which is not a subclass of 'Sequence'; `shuffle` is not guaranteed to behave correctly. E.g., non-numpy array/tensor objects with view semantics may contain duplicates after shuffling.
  np.random.shuffle(a)
[I 2025-10-19 01:01:52,010] Trial 92 finished with value: 0.6542829871177673 and parameters: {'hidden_units': 256, 'dense_units_0': 64, 'dense_units_1': 128, 'dropout_rate': 0.23892992278633784, 'learning_rate': 0.0010759010568734042, 'batch_size': 128}. Best is trial 65 with value: 0.7091760039329529.
/home/ivanam/.conda/envs/bio_inf/lib/python3.11/site-packages/spektral/data/utils.py:221: UserWarning: you are shuffling a 'MyDataset' object which is not a subclass of 'Sequence'; `shuffle` is not guaranteed to behave correctly. E.g., non-numpy array/tensor objects with view semantics may contain duplicates after shuffling.
  np.random.shuffle(a)
[I 2025-10-19 01:03:15,171] Trial 93 finished with value: 0.670172393321991 and parameters: {'hidden_units': 256, 'dense_units_0': 64, 'dense_units_1': 128, 'dropout_rate': 0.2534153676827962, 'learning_rate': 0.001206992387165025, 'batch_size': 128}. Best is trial 65 with value: 0.7091760039329529.
/home/ivanam/.conda/envs/bio_inf/lib/python3.11/site-packages/spektral/data/utils.py:221: UserWarning: you are shuffling a 'MyDataset' object which is not a subclass of 'Sequence'; `shuffle` is not guaranteed to behave correctly. E.g., non-numpy array/tensor objects with view semantics may contain duplicates after shuffling.
  np.random.shuffle(a)
[I 2025-10-19 01:04:38,446] Trial 94 finished with value: 0.6593355536460876 and parameters: {'hidden_units': 256, 'dense_units_0': 64, 'dense_units_1': 128, 'dropout_rate': 0.23099002824061013, 'learning_rate': 0.0007505521413365188, 'batch_size': 128}. Best is trial 65 with value: 0.7091760039329529.
/home/ivanam/.conda/envs/bio_inf/lib/python3.11/site-packages/spektral/data/utils.py:221: UserWarning: you are shuffling a 'MyDataset' object which is not a subclass of 'Sequence'; `shuffle` is not guaranteed to behave correctly. E.g., non-numpy array/tensor objects with view semantics may contain duplicates after shuffling.
  np.random.shuffle(a)
[I 2025-10-19 01:05:31,537] Trial 95 finished with value: 0.6494467854499817 and parameters: {'hidden_units': 256, 'dense_units_0': 64, 'dense_units_1': 128, 'dropout_rate': 0.21827844997147766, 'learning_rate': 0.0008309482931206704, 'batch_size': 128}. Best is trial 65 with value: 0.7091760039329529.
/home/ivanam/.conda/envs/bio_inf/lib/python3.11/site-packages/spektral/data/utils.py:221: UserWarning: you are shuffling a 'MyDataset' object which is not a subclass of 'Sequence'; `shuffle` is not guaranteed to behave correctly. E.g., non-numpy array/tensor objects with view semantics may contain duplicates after shuffling.
  np.random.shuffle(a)
[I 2025-10-19 01:06:54,809] Trial 96 finished with value: 0.6591318249702454 and parameters: {'hidden_units': 256, 'dense_units_0': 64, 'dense_units_1': 128, 'dropout_rate': 0.24563554638778295, 'learning_rate': 0.0009368057338381137, 'batch_size': 64}. Best is trial 65 with value: 0.7091760039329529.
/home/ivanam/.conda/envs/bio_inf/lib/python3.11/site-packages/spektral/data/utils.py:221: UserWarning: you are shuffling a 'MyDataset' object which is not a subclass of 'Sequence'; `shuffle` is not guaranteed to behave correctly. E.g., non-numpy array/tensor objects with view semantics may contain duplicates after shuffling.
  np.random.shuffle(a)
[I 2025-10-19 01:08:17,967] Trial 97 finished with value: 0.6796782612800598 and parameters: {'hidden_units': 256, 'dense_units_0': 64, 'dense_units_1': 128, 'dropout_rate': 0.2108986651713338, 'learning_rate': 0.0013580605344697537, 'batch_size': 128}. Best is trial 65 with value: 0.7091760039329529.
/home/ivanam/.conda/envs/bio_inf/lib/python3.11/site-packages/spektral/data/utils.py:221: UserWarning: you are shuffling a 'MyDataset' object which is not a subclass of 'Sequence'; `shuffle` is not guaranteed to behave correctly. E.g., non-numpy array/tensor objects with view semantics may contain duplicates after shuffling.
  np.random.shuffle(a)
[I 2025-10-19 01:09:00,271] Trial 98 finished with value: 0.5970956087112427 and parameters: {'hidden_units': 64, 'dense_units_0': 64, 'dense_units_1': 128, 'dropout_rate': 0.20884549192667906, 'learning_rate': 0.0013477895657114465, 'batch_size': 32}. Best is trial 65 with value: 0.7091760039329529.
/home/ivanam/.conda/envs/bio_inf/lib/python3.11/site-packages/spektral/data/utils.py:221: UserWarning: you are shuffling a 'MyDataset' object which is not a subclass of 'Sequence'; `shuffle` is not guaranteed to behave correctly. E.g., non-numpy array/tensor objects with view semantics may contain duplicates after shuffling.
  np.random.shuffle(a)
[I 2025-10-19 01:10:23,566] Trial 99 finished with value: 0.6807621121406555 and parameters: {'hidden_units': 256, 'dense_units_0': 64, 'dense_units_1': 128, 'dropout_rate': 0.21415121802371, 'learning_rate': 0.001908204905877537, 'batch_size': 64}. Best is trial 65 with value: 0.7091760039329529.
