/var/spool/slurmd/job11697/slurm_script: line 18: module: command not found
2025-10-18 23:16:12.988850: I tensorflow/tsl/cuda/cudart_stub.cc:28] Could not find cuda drivers on your machine, GPU will not be used.
2025-10-18 23:16:14.194708: E tensorflow/compiler/xla/stream_executor/cuda/cuda_dnn.cc:9342] Unable to register cuDNN factory: Attempting to register factory for plugin cuDNN when one has already been registered
2025-10-18 23:16:14.194754: E tensorflow/compiler/xla/stream_executor/cuda/cuda_fft.cc:609] Unable to register cuFFT factory: Attempting to register factory for plugin cuFFT when one has already been registered
2025-10-18 23:16:14.200146: E tensorflow/compiler/xla/stream_executor/cuda/cuda_blas.cc:1518] Unable to register cuBLAS factory: Attempting to register factory for plugin cuBLAS when one has already been registered
2025-10-18 23:16:15.032925: I tensorflow/tsl/cuda/cudart_stub.cc:28] Could not find cuda drivers on your machine, GPU will not be used.
2025-10-18 23:16:15.037011: I tensorflow/core/platform/cpu_feature_guard.cc:182] This TensorFlow binary is optimized to use available CPU instructions in performance-critical operations.
To enable the following instructions: AVX2 FMA, in other operations, rebuild TensorFlow with the appropriate compiler flags.
2025-10-18 23:16:19.192544: W tensorflow/compiler/tf2tensorrt/utils/py_utils.cc:38] TF-TRT Warning: Could not find TensorRT
[23:16:24] 

****
Pre-condition Violation
no owner
Violation occurred on line 146 in file /home/conda/feedstock_root/build_artifacts/rdkit-meta_1732947292231/work/Code/GraphMol/Atom.h
Failed Expression: dp_mol
----------
Stacktrace:
 0# Invar::Invariant::toString[abi:cxx11]() const in /home/ivanam/.conda/envs/bio_inf/lib/python3.11/site-packages/rdkit/../../../libRDKitRDGeneral.so.1
 1# Invar::operator<<(std::ostream&, Invar::Invariant const&) in /home/ivanam/.conda/envs/bio_inf/lib/python3.11/site-packages/rdkit/../../../libRDKitRDGeneral.so.1
 2# RDKit::Atom::getDegree() const in /home/ivanam/.conda/envs/bio_inf/lib/python3.11/site-packages/rdkit/Chem/../../../../libRDKitGraphMol.so.1
 3# 0x00007FF5C419E79A in /home/ivanam/.conda/envs/bio_inf/lib/python3.11/site-packages/rdkit/Chem/rdchem.so
 4# boost::python::objects::function::call(_object*, _object*) const in /home/ivanam/.conda/envs/bio_inf/lib/python3.11/site-packages/rdkit/../../../libboost_python311.so.1.86.0
 5# 0x00007FF5C47E5449 in /home/ivanam/.conda/envs/bio_inf/lib/python3.11/site-packages/rdkit/../../../libboost_python311.so.1.86.0
 6# boost::python::detail::exception_handler::operator()(boost::function_n<void> const&) const in /home/ivanam/.conda/envs/bio_inf/lib/python3.11/site-packages/rdkit/../../../libboost_python311.so.1.86.0
 7# 0x00007FF5C20AAB14 in /home/ivanam/.conda/envs/bio_inf/lib/python3.11/site-packages/rdkit/Chem/rdSLNParse.so
 8# 0x00007FF5C2517384 in /home/ivanam/.conda/envs/bio_inf/lib/python3.11/site-packages/rdkit/Chem/rdChemReactions.so
 9# 0x00007FF5C25173D4 in /home/ivanam/.conda/envs/bio_inf/lib/python3.11/site-packages/rdkit/Chem/rdChemReactions.so
10# 0x00007FF5C2697804 in /home/ivanam/.conda/envs/bio_inf/lib/python3.11/site-packages/rdkit/Chem/rdMolChemicalFeatures.so
11# 0x00007FF5C31C6174 in /home/ivanam/.conda/envs/bio_inf/lib/python3.11/site-packages/rdkit/Chem/rdDepictor.so
12# 0x00007FF5C3965CC4 in /home/ivanam/.conda/envs/bio_inf/lib/python3.11/site-packages/rdkit/Chem/rdmolfiles.so
13# 0x00007FF5C3965D14 in /home/ivanam/.conda/envs/bio_inf/lib/python3.11/site-packages/rdkit/Chem/rdmolfiles.so
14# 0x00007FF5D0005A24 in /home/ivanam/.conda/envs/bio_inf/lib/python3.11/site-packages/rdkit/Chem/rdCIPLabeler.so
15# 0x00007FF5C41E7DC4 in /home/ivanam/.conda/envs/bio_inf/lib/python3.11/site-packages/rdkit/Chem/rdchem.so
16# 0x00007FF5C417956D in /home/ivanam/.conda/envs/bio_inf/lib/python3.11/site-packages/rdkit/Chem/rdchem.so
17# 0x00007FF5C417908D in /home/ivanam/.conda/envs/bio_inf/lib/python3.11/site-packages/rdkit/Chem/rdchem.so
18# 0x00007FF5C4178BAD in /home/ivanam/.conda/envs/bio_inf/lib/python3.11/site-packages/rdkit/Chem/rdchem.so
19# 0x00007FF5C41786CD in /home/ivanam/.conda/envs/bio_inf/lib/python3.11/site-packages/rdkit/Chem/rdchem.so
20# 0x00007FF5C41781ED in /home/ivanam/.conda/envs/bio_inf/lib/python3.11/site-packages/rdkit/Chem/rdchem.so
21# 0x00007FF5C48B0A94 in /home/ivanam/.conda/envs/bio_inf/lib/python3.11/site-packages/rdkit/rdBase.so
22# 0x00007FF5C48B0AE4 in /home/ivanam/.conda/envs/bio_inf/lib/python3.11/site-packages/rdkit/rdBase.so
23# 0x00007FF5C48B0B34 in /home/ivanam/.conda/envs/bio_inf/lib/python3.11/site-packages/rdkit/rdBase.so
24# 0x00007FF5C48B0B84 in /home/ivanam/.conda/envs/bio_inf/lib/python3.11/site-packages/rdkit/rdBase.so
25# boost::python::handle_exception_impl(boost::function_n<void>) in /home/ivanam/.conda/envs/bio_inf/lib/python3.11/site-packages/rdkit/../../../libboost_python311.so.1.86.0
26# 0x00007FF5C47E29B3 in /home/ivanam/.conda/envs/bio_inf/lib/python3.11/site-packages/rdkit/../../../libboost_python311.so.1.86.0
27# _PyObject_MakeTpCall in /home/ivanam/.conda/envs/bio_inf/bin/python
28# _PyEval_EvalFrameDefault in /home/ivanam/.conda/envs/bio_inf/bin/python
29# 0x0000564CAFB3E42D in /home/ivanam/.conda/envs/bio_inf/bin/python
30# PyEval_EvalCode in /home/ivanam/.conda/envs/bio_inf/bin/python
31# 0x0000564CAFB5CA1A in /home/ivanam/.conda/envs/bio_inf/bin/python
32# 0x0000564CAFB58593 in /home/ivanam/.conda/envs/bio_inf/bin/python
33# 0x0000564CAFB6D930 in /home/ivanam/.conda/envs/bio_inf/bin/python
34# _PyRun_SimpleFileObject in /home/ivanam/.conda/envs/bio_inf/bin/python
35# _PyRun_AnyFileObject in /home/ivanam/.conda/envs/bio_inf/bin/python
36# Py_RunMain in /home/ivanam/.conda/envs/bio_inf/bin/python
37# Py_BytesMain in /home/ivanam/.conda/envs/bio_inf/bin/python
38# 0x00007FF6296B624A in /lib/x86_64-linux-gnu/libc.so.6
39# __libc_start_main in /lib/x86_64-linux-gnu/libc.so.6
40# 0x0000564CAFB2D91D in /home/ivanam/.conda/envs/bio_inf/bin/python
----------
****

2025-10-18 23:16:24.503580: I tensorflow/compiler/xla/stream_executor/cuda/cuda_gpu_executor.cc:894] successful NUMA node read from SysFS had negative value (-1), but there must be at least one NUMA node, so returning NUMA node zero. See more at https://github.com/torvalds/linux/blob/v6.0/Documentation/ABI/testing/sysfs-bus-pci#L344-L355
2025-10-18 23:16:24.508397: W tensorflow/core/common_runtime/gpu/gpu_device.cc:2211] Cannot dlopen some GPU libraries. Please make sure the missing libraries mentioned above are installed properly if you would like to use GPU. Follow the guide at https://www.tensorflow.org/install/gpu for how to download and setup the required libraries for your platform.
Skipping registering GPU devices...
[I 2025-10-18 23:16:26,004] A new study created in memory with name: no-name-da5f6ad2-9033-49d5-ac50-90043f737c65
/home/ivanam/.conda/envs/bio_inf/lib/python3.11/site-packages/spektral/data/utils.py:221: UserWarning: you are shuffling a 'MyDataset' object which is not a subclass of 'Sequence'; `shuffle` is not guaranteed to behave correctly. E.g., non-numpy array/tensor objects with view semantics may contain duplicates after shuffling.
  np.random.shuffle(a)
[I 2025-10-18 23:17:49,806] Trial 0 finished with value: 0.6497960686683655 and parameters: {'hidden_units': 128, 'dense_units_0': 64, 'dense_units_1': 128, 'dropout_rate': 0.33135704972712554, 'learning_rate': 0.002029847727261365, 'batch_size': 32}. Best is trial 0 with value: 0.6497960686683655.
/home/ivanam/.conda/envs/bio_inf/lib/python3.11/site-packages/spektral/data/utils.py:221: UserWarning: you are shuffling a 'MyDataset' object which is not a subclass of 'Sequence'; `shuffle` is not guaranteed to behave correctly. E.g., non-numpy array/tensor objects with view semantics may contain duplicates after shuffling.
  np.random.shuffle(a)
[I 2025-10-18 23:18:32,084] Trial 1 finished with value: 0.5123483538627625 and parameters: {'hidden_units': 64, 'dense_units_0': 128, 'dense_units_1': 128, 'dropout_rate': 0.31985284576285994, 'learning_rate': 0.004634906446722319, 'batch_size': 128}. Best is trial 0 with value: 0.6497960686683655.
/home/ivanam/.conda/envs/bio_inf/lib/python3.11/site-packages/spektral/data/utils.py:221: UserWarning: you are shuffling a 'MyDataset' object which is not a subclass of 'Sequence'; `shuffle` is not guaranteed to behave correctly. E.g., non-numpy array/tensor objects with view semantics may contain duplicates after shuffling.
  np.random.shuffle(a)
[I 2025-10-18 23:19:14,376] Trial 2 finished with value: 0.5749142169952393 and parameters: {'hidden_units': 64, 'dense_units_0': 128, 'dense_units_1': 64, 'dropout_rate': 0.3848487241205364, 'learning_rate': 0.0013566585878170294, 'batch_size': 32}. Best is trial 0 with value: 0.6497960686683655.
/home/ivanam/.conda/envs/bio_inf/lib/python3.11/site-packages/spektral/data/utils.py:221: UserWarning: you are shuffling a 'MyDataset' object which is not a subclass of 'Sequence'; `shuffle` is not guaranteed to behave correctly. E.g., non-numpy array/tensor objects with view semantics may contain duplicates after shuffling.
  np.random.shuffle(a)
[I 2025-10-18 23:20:07,843] Trial 3 finished with value: 0.6014203429222107 and parameters: {'hidden_units': 256, 'dense_units_0': 64, 'dense_units_1': 64, 'dropout_rate': 0.332026205022055, 'learning_rate': 0.0024347348624807748, 'batch_size': 32}. Best is trial 0 with value: 0.6497960686683655.
/home/ivanam/.conda/envs/bio_inf/lib/python3.11/site-packages/spektral/data/utils.py:221: UserWarning: you are shuffling a 'MyDataset' object which is not a subclass of 'Sequence'; `shuffle` is not guaranteed to behave correctly. E.g., non-numpy array/tensor objects with view semantics may contain duplicates after shuffling.
  np.random.shuffle(a)
[I 2025-10-18 23:20:47,448] Trial 4 finished with value: 0.6591954231262207 and parameters: {'hidden_units': 64, 'dense_units_0': 64, 'dense_units_1': 64, 'dropout_rate': 0.22761321565410708, 'learning_rate': 0.0009984542505653876, 'batch_size': 32}. Best is trial 4 with value: 0.6591954231262207.
/home/ivanam/.conda/envs/bio_inf/lib/python3.11/site-packages/spektral/data/utils.py:221: UserWarning: you are shuffling a 'MyDataset' object which is not a subclass of 'Sequence'; `shuffle` is not guaranteed to behave correctly. E.g., non-numpy array/tensor objects with view semantics may contain duplicates after shuffling.
  np.random.shuffle(a)
[I 2025-10-18 23:21:26,805] Trial 5 finished with value: 0.6412878036499023 and parameters: {'hidden_units': 64, 'dense_units_0': 128, 'dense_units_1': 64, 'dropout_rate': 0.2109430856615548, 'learning_rate': 0.0005596666542909182, 'batch_size': 128}. Best is trial 4 with value: 0.6591954231262207.
/home/ivanam/.conda/envs/bio_inf/lib/python3.11/site-packages/spektral/data/utils.py:221: UserWarning: you are shuffling a 'MyDataset' object which is not a subclass of 'Sequence'; `shuffle` is not guaranteed to behave correctly. E.g., non-numpy array/tensor objects with view semantics may contain duplicates after shuffling.
  np.random.shuffle(a)
[I 2025-10-18 23:22:50,099] Trial 6 finished with value: 0.606243908405304 and parameters: {'hidden_units': 128, 'dense_units_0': 64, 'dense_units_1': 128, 'dropout_rate': 0.39598198914175703, 'learning_rate': 0.0011800054215502754, 'batch_size': 64}. Best is trial 4 with value: 0.6591954231262207.
/home/ivanam/.conda/envs/bio_inf/lib/python3.11/site-packages/spektral/data/utils.py:221: UserWarning: you are shuffling a 'MyDataset' object which is not a subclass of 'Sequence'; `shuffle` is not guaranteed to behave correctly. E.g., non-numpy array/tensor objects with view semantics may contain duplicates after shuffling.
  np.random.shuffle(a)
[I 2025-10-18 23:24:13,241] Trial 7 finished with value: 0.6870812773704529 and parameters: {'hidden_units': 256, 'dense_units_0': 64, 'dense_units_1': 128, 'dropout_rate': 0.24633562479866034, 'learning_rate': 0.0009092082567324313, 'batch_size': 128}. Best is trial 7 with value: 0.6870812773704529.
/home/ivanam/.conda/envs/bio_inf/lib/python3.11/site-packages/spektral/data/utils.py:221: UserWarning: you are shuffling a 'MyDataset' object which is not a subclass of 'Sequence'; `shuffle` is not guaranteed to behave correctly. E.g., non-numpy array/tensor objects with view semantics may contain duplicates after shuffling.
  np.random.shuffle(a)
[I 2025-10-18 23:24:55,377] Trial 8 finished with value: 0.6433895230293274 and parameters: {'hidden_units': 64, 'dense_units_0': 128, 'dense_units_1': 128, 'dropout_rate': 0.28195606001190515, 'learning_rate': 0.0025249857006453638, 'batch_size': 32}. Best is trial 7 with value: 0.6870812773704529.
/home/ivanam/.conda/envs/bio_inf/lib/python3.11/site-packages/spektral/data/utils.py:221: UserWarning: you are shuffling a 'MyDataset' object which is not a subclass of 'Sequence'; `shuffle` is not guaranteed to behave correctly. E.g., non-numpy array/tensor objects with view semantics may contain duplicates after shuffling.
  np.random.shuffle(a)
[I 2025-10-18 23:26:18,628] Trial 9 finished with value: 0.6455808281898499 and parameters: {'hidden_units': 256, 'dense_units_0': 128, 'dense_units_1': 64, 'dropout_rate': 0.27666537369463673, 'learning_rate': 0.0005055901553300643, 'batch_size': 128}. Best is trial 7 with value: 0.6870812773704529.
/home/ivanam/.conda/envs/bio_inf/lib/python3.11/site-packages/spektral/data/utils.py:221: UserWarning: you are shuffling a 'MyDataset' object which is not a subclass of 'Sequence'; `shuffle` is not guaranteed to behave correctly. E.g., non-numpy array/tensor objects with view semantics may contain duplicates after shuffling.
  np.random.shuffle(a)
[I 2025-10-18 23:27:41,922] Trial 10 finished with value: 0.6617538332939148 and parameters: {'hidden_units': 256, 'dense_units_0': 64, 'dense_units_1': 128, 'dropout_rate': 0.24736078110710208, 'learning_rate': 0.0008024610551267275, 'batch_size': 64}. Best is trial 7 with value: 0.6870812773704529.
/home/ivanam/.conda/envs/bio_inf/lib/python3.11/site-packages/spektral/data/utils.py:221: UserWarning: you are shuffling a 'MyDataset' object which is not a subclass of 'Sequence'; `shuffle` is not guaranteed to behave correctly. E.g., non-numpy array/tensor objects with view semantics may contain duplicates after shuffling.
  np.random.shuffle(a)
[I 2025-10-18 23:29:05,440] Trial 11 finished with value: 0.6694615483283997 and parameters: {'hidden_units': 256, 'dense_units_0': 64, 'dense_units_1': 128, 'dropout_rate': 0.24748438779370735, 'learning_rate': 0.0007578647925992988, 'batch_size': 64}. Best is trial 7 with value: 0.6870812773704529.
/home/ivanam/.conda/envs/bio_inf/lib/python3.11/site-packages/spektral/data/utils.py:221: UserWarning: you are shuffling a 'MyDataset' object which is not a subclass of 'Sequence'; `shuffle` is not guaranteed to behave correctly. E.g., non-numpy array/tensor objects with view semantics may contain duplicates after shuffling.
  np.random.shuffle(a)
[I 2025-10-18 23:30:28,740] Trial 12 finished with value: 0.6339648365974426 and parameters: {'hidden_units': 256, 'dense_units_0': 64, 'dense_units_1': 128, 'dropout_rate': 0.25195359649918114, 'learning_rate': 0.0007670752178733077, 'batch_size': 64}. Best is trial 7 with value: 0.6870812773704529.
/home/ivanam/.conda/envs/bio_inf/lib/python3.11/site-packages/spektral/data/utils.py:221: UserWarning: you are shuffling a 'MyDataset' object which is not a subclass of 'Sequence'; `shuffle` is not guaranteed to behave correctly. E.g., non-numpy array/tensor objects with view semantics may contain duplicates after shuffling.
  np.random.shuffle(a)
[I 2025-10-18 23:31:52,035] Trial 13 finished with value: 0.6764015555381775 and parameters: {'hidden_units': 256, 'dense_units_0': 64, 'dense_units_1': 128, 'dropout_rate': 0.2000535197243375, 'learning_rate': 0.0007458318775536622, 'batch_size': 64}. Best is trial 7 with value: 0.6870812773704529.
/home/ivanam/.conda/envs/bio_inf/lib/python3.11/site-packages/spektral/data/utils.py:221: UserWarning: you are shuffling a 'MyDataset' object which is not a subclass of 'Sequence'; `shuffle` is not guaranteed to behave correctly. E.g., non-numpy array/tensor objects with view semantics may contain duplicates after shuffling.
  np.random.shuffle(a)
[I 2025-10-18 23:33:15,335] Trial 14 finished with value: 0.678001880645752 and parameters: {'hidden_units': 256, 'dense_units_0': 64, 'dense_units_1': 128, 'dropout_rate': 0.20531422758813597, 'learning_rate': 0.001565681691002426, 'batch_size': 128}. Best is trial 7 with value: 0.6870812773704529.
/home/ivanam/.conda/envs/bio_inf/lib/python3.11/site-packages/spektral/data/utils.py:221: UserWarning: you are shuffling a 'MyDataset' object which is not a subclass of 'Sequence'; `shuffle` is not guaranteed to behave correctly. E.g., non-numpy array/tensor objects with view semantics may contain duplicates after shuffling.
  np.random.shuffle(a)
[I 2025-10-18 23:34:38,625] Trial 15 finished with value: 0.6894774436950684 and parameters: {'hidden_units': 256, 'dense_units_0': 64, 'dense_units_1': 128, 'dropout_rate': 0.22503867946670297, 'learning_rate': 0.0017174815927481811, 'batch_size': 128}. Best is trial 15 with value: 0.6894774436950684.
/home/ivanam/.conda/envs/bio_inf/lib/python3.11/site-packages/spektral/data/utils.py:221: UserWarning: you are shuffling a 'MyDataset' object which is not a subclass of 'Sequence'; `shuffle` is not guaranteed to behave correctly. E.g., non-numpy array/tensor objects with view semantics may contain duplicates after shuffling.
  np.random.shuffle(a)
[I 2025-10-18 23:35:32,279] Trial 16 finished with value: 0.6225225925445557 and parameters: {'hidden_units': 256, 'dense_units_0': 64, 'dense_units_1': 128, 'dropout_rate': 0.2800273810076664, 'learning_rate': 0.0035811625660702746, 'batch_size': 128}. Best is trial 15 with value: 0.6894774436950684.
/home/ivanam/.conda/envs/bio_inf/lib/python3.11/site-packages/spektral/data/utils.py:221: UserWarning: you are shuffling a 'MyDataset' object which is not a subclass of 'Sequence'; `shuffle` is not guaranteed to behave correctly. E.g., non-numpy array/tensor objects with view semantics may contain duplicates after shuffling.
  np.random.shuffle(a)
[I 2025-10-18 23:36:55,709] Trial 17 finished with value: 0.6238557696342468 and parameters: {'hidden_units': 128, 'dense_units_0': 64, 'dense_units_1': 128, 'dropout_rate': 0.23642362401822717, 'learning_rate': 0.0019775285402302925, 'batch_size': 128}. Best is trial 15 with value: 0.6894774436950684.
/home/ivanam/.conda/envs/bio_inf/lib/python3.11/site-packages/spektral/data/utils.py:221: UserWarning: you are shuffling a 'MyDataset' object which is not a subclass of 'Sequence'; `shuffle` is not guaranteed to behave correctly. E.g., non-numpy array/tensor objects with view semantics may contain duplicates after shuffling.
  np.random.shuffle(a)
[I 2025-10-18 23:37:48,229] Trial 18 finished with value: 0.657662570476532 and parameters: {'hidden_units': 256, 'dense_units_0': 64, 'dense_units_1': 128, 'dropout_rate': 0.2681977099706075, 'learning_rate': 0.001054205251888243, 'batch_size': 128}. Best is trial 15 with value: 0.6894774436950684.
/home/ivanam/.conda/envs/bio_inf/lib/python3.11/site-packages/spektral/data/utils.py:221: UserWarning: you are shuffling a 'MyDataset' object which is not a subclass of 'Sequence'; `shuffle` is not guaranteed to behave correctly. E.g., non-numpy array/tensor objects with view semantics may contain duplicates after shuffling.
  np.random.shuffle(a)
[I 2025-10-18 23:39:11,525] Trial 19 finished with value: 0.6091203093528748 and parameters: {'hidden_units': 256, 'dense_units_0': 64, 'dense_units_1': 128, 'dropout_rate': 0.30785157958785464, 'learning_rate': 0.0016160912710731726, 'batch_size': 128}. Best is trial 15 with value: 0.6894774436950684.
/home/ivanam/.conda/envs/bio_inf/lib/python3.11/site-packages/spektral/data/utils.py:221: UserWarning: you are shuffling a 'MyDataset' object which is not a subclass of 'Sequence'; `shuffle` is not guaranteed to behave correctly. E.g., non-numpy array/tensor objects with view semantics may contain duplicates after shuffling.
  np.random.shuffle(a)
[I 2025-10-18 23:39:55,466] Trial 20 finished with value: 0.5942558646202087 and parameters: {'hidden_units': 128, 'dense_units_0': 64, 'dense_units_1': 128, 'dropout_rate': 0.2213894771318439, 'learning_rate': 0.0034945145005970983, 'batch_size': 128}. Best is trial 15 with value: 0.6894774436950684.
/home/ivanam/.conda/envs/bio_inf/lib/python3.11/site-packages/spektral/data/utils.py:221: UserWarning: you are shuffling a 'MyDataset' object which is not a subclass of 'Sequence'; `shuffle` is not guaranteed to behave correctly. E.g., non-numpy array/tensor objects with view semantics may contain duplicates after shuffling.
  np.random.shuffle(a)
[I 2025-10-18 23:41:18,759] Trial 21 finished with value: 0.6443678736686707 and parameters: {'hidden_units': 256, 'dense_units_0': 64, 'dense_units_1': 128, 'dropout_rate': 0.20317419550657387, 'learning_rate': 0.0015653978780955297, 'batch_size': 128}. Best is trial 15 with value: 0.6894774436950684.
/home/ivanam/.conda/envs/bio_inf/lib/python3.11/site-packages/spektral/data/utils.py:221: UserWarning: you are shuffling a 'MyDataset' object which is not a subclass of 'Sequence'; `shuffle` is not guaranteed to behave correctly. E.g., non-numpy array/tensor objects with view semantics may contain duplicates after shuffling.
  np.random.shuffle(a)
