[I 2025-10-19 00:19:00,255] Trial 55 finished with value: 0.6963257193565369 and parameters: {'hidden_units': 256, 'dense_units_0': 64, 'dense_units_1': 128, 'dropout_rate': 0.2198178287059772, 'learning_rate': 0.0011131371795006346, 'batch_size': 64}. Best is trial 55 with value: 0.6963257193565369.
/home/ivanam/.conda/envs/bio_inf/lib/python3.11/site-packages/spektral/data/utils.py:221: UserWarning: you are shuffling a 'MyDataset' object which is not a subclass of 'Sequence'; `shuffle` is not guaranteed to behave correctly. E.g., non-numpy array/tensor objects with view semantics may contain duplicates after shuffling.
  np.random.shuffle(a)
[I 2025-10-19 00:19:53,206] Trial 56 finished with value: 0.603908360004425 and parameters: {'hidden_units': 256, 'dense_units_0': 64, 'dense_units_1': 128, 'dropout_rate': 0.25017381211498013, 'learning_rate': 0.001138212104809247, 'batch_size': 32}. Best is trial 55 with value: 0.6963257193565369.
/home/ivanam/.conda/envs/bio_inf/lib/python3.11/site-packages/spektral/data/utils.py:221: UserWarning: you are shuffling a 'MyDataset' object which is not a subclass of 'Sequence'; `shuffle` is not guaranteed to behave correctly. E.g., non-numpy array/tensor objects with view semantics may contain duplicates after shuffling.
  np.random.shuffle(a)
[I 2025-10-19 00:20:47,926] Trial 57 finished with value: 0.6101618409156799 and parameters: {'hidden_units': 256, 'dense_units_0': 64, 'dense_units_1': 128, 'dropout_rate': 0.2307669476848402, 'learning_rate': 0.0010033778963793548, 'batch_size': 64}. Best is trial 55 with value: 0.6963257193565369.
/home/ivanam/.conda/envs/bio_inf/lib/python3.11/site-packages/spektral/data/utils.py:221: UserWarning: you are shuffling a 'MyDataset' object which is not a subclass of 'Sequence'; `shuffle` is not guaranteed to behave correctly. E.g., non-numpy array/tensor objects with view semantics may contain duplicates after shuffling.
  np.random.shuffle(a)
[I 2025-10-19 00:22:11,248] Trial 58 finished with value: 0.6641912460327148 and parameters: {'hidden_units': 256, 'dense_units_0': 64, 'dense_units_1': 128, 'dropout_rate': 0.21919486682199352, 'learning_rate': 0.001389322018584417, 'batch_size': 64}. Best is trial 55 with value: 0.6963257193565369.
/home/ivanam/.conda/envs/bio_inf/lib/python3.11/site-packages/spektral/data/utils.py:221: UserWarning: you are shuffling a 'MyDataset' object which is not a subclass of 'Sequence'; `shuffle` is not guaranteed to behave correctly. E.g., non-numpy array/tensor objects with view semantics may contain duplicates after shuffling.
  np.random.shuffle(a)
[I 2025-10-19 00:23:34,561] Trial 59 finished with value: 0.6064310073852539 and parameters: {'hidden_units': 128, 'dense_units_0': 64, 'dense_units_1': 128, 'dropout_rate': 0.23720535138189838, 'learning_rate': 0.0013159372502289201, 'batch_size': 64}. Best is trial 55 with value: 0.6963257193565369.
/home/ivanam/.conda/envs/bio_inf/lib/python3.11/site-packages/spektral/data/utils.py:221: UserWarning: you are shuffling a 'MyDataset' object which is not a subclass of 'Sequence'; `shuffle` is not guaranteed to behave correctly. E.g., non-numpy array/tensor objects with view semantics may contain duplicates after shuffling.
  np.random.shuffle(a)
[I 2025-10-19 00:24:57,726] Trial 60 finished with value: 0.6599012613296509 and parameters: {'hidden_units': 256, 'dense_units_0': 128, 'dense_units_1': 64, 'dropout_rate': 0.2432499092461422, 'learning_rate': 0.0010591614412241229, 'batch_size': 64}. Best is trial 55 with value: 0.6963257193565369.
/home/ivanam/.conda/envs/bio_inf/lib/python3.11/site-packages/spektral/data/utils.py:221: UserWarning: you are shuffling a 'MyDataset' object which is not a subclass of 'Sequence'; `shuffle` is not guaranteed to behave correctly. E.g., non-numpy array/tensor objects with view semantics may contain duplicates after shuffling.
  np.random.shuffle(a)
[I 2025-10-19 00:25:51,158] Trial 61 finished with value: 0.6767823100090027 and parameters: {'hidden_units': 256, 'dense_units_0': 64, 'dense_units_1': 128, 'dropout_rate': 0.21560679329436788, 'learning_rate': 0.0008286844852129399, 'batch_size': 64}. Best is trial 55 with value: 0.6963257193565369.
/home/ivanam/.conda/envs/bio_inf/lib/python3.11/site-packages/spektral/data/utils.py:221: UserWarning: you are shuffling a 'MyDataset' object which is not a subclass of 'Sequence'; `shuffle` is not guaranteed to behave correctly. E.g., non-numpy array/tensor objects with view semantics may contain duplicates after shuffling.
  np.random.shuffle(a)
[I 2025-10-19 00:26:44,270] Trial 62 finished with value: 0.6678557395935059 and parameters: {'hidden_units': 256, 'dense_units_0': 64, 'dense_units_1': 128, 'dropout_rate': 0.20864486742668847, 'learning_rate': 0.0018135559740427758, 'batch_size': 64}. Best is trial 55 with value: 0.6963257193565369.
/home/ivanam/.conda/envs/bio_inf/lib/python3.11/site-packages/spektral/data/utils.py:221: UserWarning: you are shuffling a 'MyDataset' object which is not a subclass of 'Sequence'; `shuffle` is not guaranteed to behave correctly. E.g., non-numpy array/tensor objects with view semantics may contain duplicates after shuffling.
  np.random.shuffle(a)
[I 2025-10-19 00:28:07,573] Trial 63 finished with value: 0.6601473689079285 and parameters: {'hidden_units': 256, 'dense_units_0': 64, 'dense_units_1': 128, 'dropout_rate': 0.2653418805985696, 'learning_rate': 0.0009454055950186089, 'batch_size': 64}. Best is trial 55 with value: 0.6963257193565369.
/home/ivanam/.conda/envs/bio_inf/lib/python3.11/site-packages/spektral/data/utils.py:221: UserWarning: you are shuffling a 'MyDataset' object which is not a subclass of 'Sequence'; `shuffle` is not guaranteed to behave correctly. E.g., non-numpy array/tensor objects with view semantics may contain duplicates after shuffling.
  np.random.shuffle(a)
[I 2025-10-19 00:29:00,309] Trial 64 finished with value: 0.6635873913764954 and parameters: {'hidden_units': 256, 'dense_units_0': 64, 'dense_units_1': 128, 'dropout_rate': 0.22190413206512655, 'learning_rate': 0.001195342440813758, 'batch_size': 128}. Best is trial 55 with value: 0.6963257193565369.
/home/ivanam/.conda/envs/bio_inf/lib/python3.11/site-packages/spektral/data/utils.py:221: UserWarning: you are shuffling a 'MyDataset' object which is not a subclass of 'Sequence'; `shuffle` is not guaranteed to behave correctly. E.g., non-numpy array/tensor objects with view semantics may contain duplicates after shuffling.
  np.random.shuffle(a)
[I 2025-10-19 00:30:23,603] Trial 65 finished with value: 0.7091760039329529 and parameters: {'hidden_units': 256, 'dense_units_0': 64, 'dense_units_1': 128, 'dropout_rate': 0.2258832873947701, 'learning_rate': 0.0010263929550744985, 'batch_size': 64}. Best is trial 65 with value: 0.7091760039329529.
/home/ivanam/.conda/envs/bio_inf/lib/python3.11/site-packages/spektral/data/utils.py:221: UserWarning: you are shuffling a 'MyDataset' object which is not a subclass of 'Sequence'; `shuffle` is not guaranteed to behave correctly. E.g., non-numpy array/tensor objects with view semantics may contain duplicates after shuffling.
  np.random.shuffle(a)
[I 2025-10-19 00:31:16,937] Trial 66 finished with value: 0.6269891262054443 and parameters: {'hidden_units': 256, 'dense_units_0': 64, 'dense_units_1': 128, 'dropout_rate': 0.23256615175960482, 'learning_rate': 0.0007834546402401578, 'batch_size': 32}. Best is trial 65 with value: 0.7091760039329529.
/home/ivanam/.conda/envs/bio_inf/lib/python3.11/site-packages/spektral/data/utils.py:221: UserWarning: you are shuffling a 'MyDataset' object which is not a subclass of 'Sequence'; `shuffle` is not guaranteed to behave correctly. E.g., non-numpy array/tensor objects with view semantics may contain duplicates after shuffling.
  np.random.shuffle(a)
[I 2025-10-19 00:32:09,852] Trial 67 finished with value: 0.674041211605072 and parameters: {'hidden_units': 256, 'dense_units_0': 64, 'dense_units_1': 128, 'dropout_rate': 0.2271952576826741, 'learning_rate': 0.001444436335056051, 'batch_size': 128}. Best is trial 65 with value: 0.7091760039329529.
/home/ivanam/.conda/envs/bio_inf/lib/python3.11/site-packages/spektral/data/utils.py:221: UserWarning: you are shuffling a 'MyDataset' object which is not a subclass of 'Sequence'; `shuffle` is not guaranteed to behave correctly. E.g., non-numpy array/tensor objects with view semantics may contain duplicates after shuffling.
  np.random.shuffle(a)
[I 2025-10-19 00:32:50,071] Trial 68 finished with value: 0.6096570491790771 and parameters: {'hidden_units': 64, 'dense_units_0': 64, 'dense_units_1': 128, 'dropout_rate': 0.2842450562776905, 'learning_rate': 0.0012522238400803488, 'batch_size': 64}. Best is trial 65 with value: 0.7091760039329529.
/home/ivanam/.conda/envs/bio_inf/lib/python3.11/site-packages/spektral/data/utils.py:221: UserWarning: you are shuffling a 'MyDataset' object which is not a subclass of 'Sequence'; `shuffle` is not guaranteed to behave correctly. E.g., non-numpy array/tensor objects with view semantics may contain duplicates after shuffling.
  np.random.shuffle(a)
[I 2025-10-19 00:33:43,464] Trial 69 finished with value: 0.6781699061393738 and parameters: {'hidden_units': 256, 'dense_units_0': 64, 'dense_units_1': 128, 'dropout_rate': 0.25537881582962646, 'learning_rate': 0.001065212415801518, 'batch_size': 128}. Best is trial 65 with value: 0.7091760039329529.
/home/ivanam/.conda/envs/bio_inf/lib/python3.11/site-packages/spektral/data/utils.py:221: UserWarning: you are shuffling a 'MyDataset' object which is not a subclass of 'Sequence'; `shuffle` is not guaranteed to behave correctly. E.g., non-numpy array/tensor objects with view semantics may contain duplicates after shuffling.
  np.random.shuffle(a)
[I 2025-10-19 00:34:27,010] Trial 70 finished with value: 0.6523565649986267 and parameters: {'hidden_units': 128, 'dense_units_0': 64, 'dense_units_1': 128, 'dropout_rate': 0.3186148248323537, 'learning_rate': 0.001562123773925871, 'batch_size': 64}. Best is trial 65 with value: 0.7091760039329529.
/home/ivanam/.conda/envs/bio_inf/lib/python3.11/site-packages/spektral/data/utils.py:221: UserWarning: you are shuffling a 'MyDataset' object which is not a subclass of 'Sequence'; `shuffle` is not guaranteed to behave correctly. E.g., non-numpy array/tensor objects with view semantics may contain duplicates after shuffling.
  np.random.shuffle(a)
[I 2025-10-19 00:35:50,948] Trial 71 finished with value: 0.658581554889679 and parameters: {'hidden_units': 256, 'dense_units_0': 64, 'dense_units_1': 128, 'dropout_rate': 0.20625944913240685, 'learning_rate': 0.0009218474549747734, 'batch_size': 64}. Best is trial 65 with value: 0.7091760039329529.
/home/ivanam/.conda/envs/bio_inf/lib/python3.11/site-packages/spektral/data/utils.py:221: UserWarning: you are shuffling a 'MyDataset' object which is not a subclass of 'Sequence'; `shuffle` is not guaranteed to behave correctly. E.g., non-numpy array/tensor objects with view semantics may contain duplicates after shuffling.
  np.random.shuffle(a)
[I 2025-10-19 00:36:47,979] Trial 72 finished with value: 0.6739875674247742 and parameters: {'hidden_units': 256, 'dense_units_0': 64, 'dense_units_1': 128, 'dropout_rate': 0.2143058494489014, 'learning_rate': 0.0010065405374794785, 'batch_size': 64}. Best is trial 65 with value: 0.7091760039329529.
/home/ivanam/.conda/envs/bio_inf/lib/python3.11/site-packages/spektral/data/utils.py:221: UserWarning: you are shuffling a 'MyDataset' object which is not a subclass of 'Sequence'; `shuffle` is not guaranteed to behave correctly. E.g., non-numpy array/tensor objects with view semantics may contain duplicates after shuffling.
  np.random.shuffle(a)
[I 2025-10-19 00:38:11,290] Trial 73 finished with value: 0.6346064209938049 and parameters: {'hidden_units': 256, 'dense_units_0': 64, 'dense_units_1': 128, 'dropout_rate': 0.22544331563493694, 'learning_rate': 0.0007278028889428551, 'batch_size': 64}. Best is trial 65 with value: 0.7091760039329529.
/home/ivanam/.conda/envs/bio_inf/lib/python3.11/site-packages/spektral/data/utils.py:221: UserWarning: you are shuffling a 'MyDataset' object which is not a subclass of 'Sequence'; `shuffle` is not guaranteed to behave correctly. E.g., non-numpy array/tensor objects with view semantics may contain duplicates after shuffling.
  np.random.shuffle(a)
[I 2025-10-19 00:39:34,458] Trial 74 finished with value: 0.64931720495224 and parameters: {'hidden_units': 256, 'dense_units_0': 64, 'dense_units_1': 128, 'dropout_rate': 0.2397815026119919, 'learning_rate': 0.0008669226155683477, 'batch_size': 64}. Best is trial 65 with value: 0.7091760039329529.
/home/ivanam/.conda/envs/bio_inf/lib/python3.11/site-packages/spektral/data/utils.py:221: UserWarning: you are shuffling a 'MyDataset' object which is not a subclass of 'Sequence'; `shuffle` is not guaranteed to behave correctly. E.g., non-numpy array/tensor objects with view semantics may contain duplicates after shuffling.
  np.random.shuffle(a)
[I 2025-10-19 00:40:57,736] Trial 75 finished with value: 0.5407930016517639 and parameters: {'hidden_units': 256, 'dense_units_0': 64, 'dense_units_1': 128, 'dropout_rate': 0.39812862712160413, 'learning_rate': 0.0021069615053479866, 'batch_size': 128}. Best is trial 65 with value: 0.7091760039329529.
/home/ivanam/.conda/envs/bio_inf/lib/python3.11/site-packages/spektral/data/utils.py:221: UserWarning: you are shuffling a 'MyDataset' object which is not a subclass of 'Sequence'; `shuffle` is not guaranteed to behave correctly. E.g., non-numpy array/tensor objects with view semantics may contain duplicates after shuffling.
  np.random.shuffle(a)
[I 2025-10-19 00:42:20,901] Trial 76 finished with value: 0.6780126094818115 and parameters: {'hidden_units': 256, 'dense_units_0': 64, 'dense_units_1': 128, 'dropout_rate': 0.21887375539418652, 'learning_rate': 0.001144456715780446, 'batch_size': 64}. Best is trial 65 with value: 0.7091760039329529.
/home/ivanam/.conda/envs/bio_inf/lib/python3.11/site-packages/spektral/data/utils.py:221: UserWarning: you are shuffling a 'MyDataset' object which is not a subclass of 'Sequence'; `shuffle` is not guaranteed to behave correctly. E.g., non-numpy array/tensor objects with view semantics may contain duplicates after shuffling.
  np.random.shuffle(a)
[I 2025-10-19 00:43:44,031] Trial 77 finished with value: 0.6531761288642883 and parameters: {'hidden_units': 256, 'dense_units_0': 128, 'dense_units_1': 128, 'dropout_rate': 0.20069835007921802, 'learning_rate': 0.0009645246116749957, 'batch_size': 64}. Best is trial 65 with value: 0.7091760039329529.
/home/ivanam/.conda/envs/bio_inf/lib/python3.11/site-packages/spektral/data/utils.py:221: UserWarning: you are shuffling a 'MyDataset' object which is not a subclass of 'Sequence'; `shuffle` is not guaranteed to behave correctly. E.g., non-numpy array/tensor objects with view semantics may contain duplicates after shuffling.
  np.random.shuffle(a)
[I 2025-10-19 00:45:07,155] Trial 78 finished with value: 0.6329609751701355 and parameters: {'hidden_units': 256, 'dense_units_0': 64, 'dense_units_1': 64, 'dropout_rate': 0.21198757094182524, 'learning_rate': 0.0012930338410473642, 'batch_size': 128}. Best is trial 65 with value: 0.7091760039329529.
/home/ivanam/.conda/envs/bio_inf/lib/python3.11/site-packages/spektral/data/utils.py:221: UserWarning: you are shuffling a 'MyDataset' object which is not a subclass of 'Sequence'; `shuffle` is not guaranteed to behave correctly. E.g., non-numpy array/tensor objects with view semantics may contain duplicates after shuffling.
  np.random.shuffle(a)
[I 2025-10-19 00:45:59,877] Trial 79 finished with value: 0.6639278531074524 and parameters: {'hidden_units': 256, 'dense_units_0': 64, 'dense_units_1': 128, 'dropout_rate': 0.24875314486155573, 'learning_rate': 0.0010298361957354854, 'batch_size': 32}. Best is trial 65 with value: 0.7091760039329529.
/home/ivanam/.conda/envs/bio_inf/lib/python3.11/site-packages/spektral/data/utils.py:221: UserWarning: you are shuffling a 'MyDataset' object which is not a subclass of 'Sequence'; `shuffle` is not guaranteed to behave correctly. E.g., non-numpy array/tensor objects with view semantics may contain duplicates after shuffling.
  np.random.shuffle(a)
[I 2025-10-19 00:46:42,197] Trial 80 finished with value: 0.6753775477409363 and parameters: {'hidden_units': 64, 'dense_units_0': 64, 'dense_units_1': 128, 'dropout_rate': 0.20408707485315247, 'learning_rate': 0.0006831216086905504, 'batch_size': 64}. Best is trial 65 with value: 0.7091760039329529.
/home/ivanam/.conda/envs/bio_inf/lib/python3.11/site-packages/spektral/data/utils.py:221: UserWarning: you are shuffling a 'MyDataset' object which is not a subclass of 'Sequence'; `shuffle` is not guaranteed to behave correctly. E.g., non-numpy array/tensor objects with view semantics may contain duplicates after shuffling.
  np.random.shuffle(a)
[I 2025-10-19 00:48:05,538] Trial 81 finished with value: 0.6671150326728821 and parameters: {'hidden_units': 256, 'dense_units_0': 64, 'dense_units_1': 128, 'dropout_rate': 0.2541965664050872, 'learning_rate': 0.00111797742098594, 'batch_size': 128}. Best is trial 65 with value: 0.7091760039329529.
/home/ivanam/.conda/envs/bio_inf/lib/python3.11/site-packages/spektral/data/utils.py:221: UserWarning: you are shuffling a 'MyDataset' object which is not a subclass of 'Sequence'; `shuffle` is not guaranteed to behave correctly. E.g., non-numpy array/tensor objects with view semantics may contain duplicates after shuffling.
  np.random.shuffle(a)
[I 2025-10-19 00:49:28,704] Trial 82 finished with value: 0.6182438731193542 and parameters: {'hidden_units': 256, 'dense_units_0': 64, 'dense_units_1': 128, 'dropout_rate': 0.2338000525468642, 'learning_rate': 0.00106490996295706, 'batch_size': 128}. Best is trial 65 with value: 0.7091760039329529.
/home/ivanam/.conda/envs/bio_inf/lib/python3.11/site-packages/spektral/data/utils.py:221: UserWarning: you are shuffling a 'MyDataset' object which is not a subclass of 'Sequence'; `shuffle` is not guaranteed to behave correctly. E.g., non-numpy array/tensor objects with view semantics may contain duplicates after shuffling.
  np.random.shuffle(a)
[I 2025-10-19 00:50:51,976] Trial 83 finished with value: 0.6822263598442078 and parameters: {'hidden_units': 256, 'dense_units_0': 64, 'dense_units_1': 128, 'dropout_rate': 0.2711931581701527, 'learning_rate': 0.0008239824598310988, 'batch_size': 128}. Best is trial 65 with value: 0.7091760039329529.
/home/ivanam/.conda/envs/bio_inf/lib/python3.11/site-packages/spektral/data/utils.py:221: UserWarning: you are shuffling a 'MyDataset' object which is not a subclass of 'Sequence'; `shuffle` is not guaranteed to behave correctly. E.g., non-numpy array/tensor objects with view semantics may contain duplicates after shuffling.
  np.random.shuffle(a)
[I 2025-10-19 00:51:44,756] Trial 84 finished with value: 0.6392219066619873 and parameters: {'hidden_units': 256, 'dense_units_0': 64, 'dense_units_1': 128, 'dropout_rate': 0.2620854971069146, 'learning_rate': 0.0007687270316706833, 'batch_size': 128}. Best is trial 65 with value: 0.7091760039329529.
/home/ivanam/.conda/envs/bio_inf/lib/python3.11/site-packages/spektral/data/utils.py:221: UserWarning: you are shuffling a 'MyDataset' object which is not a subclass of 'Sequence'; `shuffle` is not guaranteed to behave correctly. E.g., non-numpy array/tensor objects with view semantics may contain duplicates after shuffling.
  np.random.shuffle(a)
[I 2025-10-19 00:52:37,585] Trial 85 finished with value: 0.6651432514190674 and parameters: {'hidden_units': 256, 'dense_units_0': 64, 'dense_units_1': 128, 'dropout_rate': 0.2697576795841197, 'learning_rate': 0.0008200459881513242, 'batch_size': 128}. Best is trial 65 with value: 0.7091760039329529.
/home/ivanam/.conda/envs/bio_inf/lib/python3.11/site-packages/spektral/data/utils.py:221: UserWarning: you are shuffling a 'MyDataset' object which is not a subclass of 'Sequence'; `shuffle` is not guaranteed to behave correctly. E.g., non-numpy array/tensor objects with view semantics may contain duplicates after shuffling.
  np.random.shuffle(a)
[I 2025-10-19 00:54:00,710] Trial 86 finished with value: 0.6422783732414246 and parameters: {'hidden_units': 256, 'dense_units_0': 64, 'dense_units_1': 128, 'dropout_rate': 0.2443104303592041, 'learning_rate': 0.0009055894515875447, 'batch_size': 128}. Best is trial 65 with value: 0.7091760039329529.
/home/ivanam/.conda/envs/bio_inf/lib/python3.11/site-packages/spektral/data/utils.py:221: UserWarning: you are shuffling a 'MyDataset' object which is not a subclass of 'Sequence'; `shuffle` is not guaranteed to behave correctly. E.g., non-numpy array/tensor objects with view semantics may contain duplicates after shuffling.
  np.random.shuffle(a)
[I 2025-10-19 00:55:23,839] Trial 87 finished with value: 0.6678969264030457 and parameters: {'hidden_units': 256, 'dense_units_0': 64, 'dense_units_1': 128, 'dropout_rate': 0.22435047563766847, 'learning_rate': 0.0008603703123803386, 'batch_size': 64}. Best is trial 65 with value: 0.7091760039329529.
/home/ivanam/.conda/envs/bio_inf/lib/python3.11/site-packages/spektral/data/utils.py:221: UserWarning: you are shuffling a 'MyDataset' object which is not a subclass of 'Sequence'; `shuffle` is not guaranteed to behave correctly. E.g., non-numpy array/tensor objects with view semantics may contain duplicates after shuffling.
  np.random.shuffle(a)
