[I 2025-10-18 23:42:11,612] Trial 22 finished with value: 0.6389907002449036 and parameters: {'hidden_units': 256, 'dense_units_0': 64, 'dense_units_1': 128, 'dropout_rate': 0.2216579679966585, 'learning_rate': 0.0016946847538352424, 'batch_size': 128}. Best is trial 15 with value: 0.6894774436950684.
/home/ivanam/.conda/envs/bio_inf/lib/python3.11/site-packages/spektral/data/utils.py:221: UserWarning: you are shuffling a 'MyDataset' object which is not a subclass of 'Sequence'; `shuffle` is not guaranteed to behave correctly. E.g., non-numpy array/tensor objects with view semantics may contain duplicates after shuffling.
  np.random.shuffle(a)
[I 2025-10-18 23:43:34,905] Trial 23 finished with value: 0.6191688776016235 and parameters: {'hidden_units': 256, 'dense_units_0': 64, 'dense_units_1': 128, 'dropout_rate': 0.2587776826946211, 'learning_rate': 0.0012596842041646674, 'batch_size': 128}. Best is trial 15 with value: 0.6894774436950684.
/home/ivanam/.conda/envs/bio_inf/lib/python3.11/site-packages/spektral/data/utils.py:221: UserWarning: you are shuffling a 'MyDataset' object which is not a subclass of 'Sequence'; `shuffle` is not guaranteed to behave correctly. E.g., non-numpy array/tensor objects with view semantics may contain duplicates after shuffling.
  np.random.shuffle(a)
[I 2025-10-18 23:44:28,643] Trial 24 finished with value: 0.6478474736213684 and parameters: {'hidden_units': 256, 'dense_units_0': 64, 'dense_units_1': 128, 'dropout_rate': 0.23679563691293234, 'learning_rate': 0.0009438150232923907, 'batch_size': 128}. Best is trial 15 with value: 0.6894774436950684.
/home/ivanam/.conda/envs/bio_inf/lib/python3.11/site-packages/spektral/data/utils.py:221: UserWarning: you are shuffling a 'MyDataset' object which is not a subclass of 'Sequence'; `shuffle` is not guaranteed to behave correctly. E.g., non-numpy array/tensor objects with view semantics may contain duplicates after shuffling.
  np.random.shuffle(a)
[I 2025-10-18 23:45:52,303] Trial 25 finished with value: 0.6457957625389099 and parameters: {'hidden_units': 256, 'dense_units_0': 64, 'dense_units_1': 128, 'dropout_rate': 0.2140835515414291, 'learning_rate': 0.002425472420684142, 'batch_size': 128}. Best is trial 15 with value: 0.6894774436950684.
/home/ivanam/.conda/envs/bio_inf/lib/python3.11/site-packages/spektral/data/utils.py:221: UserWarning: you are shuffling a 'MyDataset' object which is not a subclass of 'Sequence'; `shuffle` is not guaranteed to behave correctly. E.g., non-numpy array/tensor objects with view semantics may contain duplicates after shuffling.
  np.random.shuffle(a)
[I 2025-10-18 23:46:46,262] Trial 26 finished with value: 0.6480953693389893 and parameters: {'hidden_units': 256, 'dense_units_0': 128, 'dense_units_1': 64, 'dropout_rate': 0.23267237104655858, 'learning_rate': 0.0019567873415752795, 'batch_size': 128}. Best is trial 15 with value: 0.6894774436950684.
/home/ivanam/.conda/envs/bio_inf/lib/python3.11/site-packages/spektral/data/utils.py:221: UserWarning: you are shuffling a 'MyDataset' object which is not a subclass of 'Sequence'; `shuffle` is not guaranteed to behave correctly. E.g., non-numpy array/tensor objects with view semantics may contain duplicates after shuffling.
  np.random.shuffle(a)
[I 2025-10-18 23:48:09,423] Trial 27 finished with value: 0.6035568118095398 and parameters: {'hidden_units': 256, 'dense_units_0': 64, 'dense_units_1': 128, 'dropout_rate': 0.2942528755633608, 'learning_rate': 0.0006212869482797901, 'batch_size': 128}. Best is trial 15 with value: 0.6894774436950684.
/home/ivanam/.conda/envs/bio_inf/lib/python3.11/site-packages/spektral/data/utils.py:221: UserWarning: you are shuffling a 'MyDataset' object which is not a subclass of 'Sequence'; `shuffle` is not guaranteed to behave correctly. E.g., non-numpy array/tensor objects with view semantics may contain duplicates after shuffling.
  np.random.shuffle(a)
[I 2025-10-18 23:49:32,691] Trial 28 finished with value: 0.5703888535499573 and parameters: {'hidden_units': 128, 'dense_units_0': 64, 'dense_units_1': 128, 'dropout_rate': 0.26241314642718616, 'learning_rate': 0.001417750364065193, 'batch_size': 128}. Best is trial 15 with value: 0.6894774436950684.
/home/ivanam/.conda/envs/bio_inf/lib/python3.11/site-packages/spektral/data/utils.py:221: UserWarning: you are shuffling a 'MyDataset' object which is not a subclass of 'Sequence'; `shuffle` is not guaranteed to behave correctly. E.g., non-numpy array/tensor objects with view semantics may contain duplicates after shuffling.
  np.random.shuffle(a)
[I 2025-10-18 23:50:25,485] Trial 29 finished with value: 0.6324611306190491 and parameters: {'hidden_units': 256, 'dense_units_0': 64, 'dense_units_1': 128, 'dropout_rate': 0.33473031585915203, 'learning_rate': 0.0031758983466655274, 'batch_size': 128}. Best is trial 15 with value: 0.6894774436950684.
/home/ivanam/.conda/envs/bio_inf/lib/python3.11/site-packages/spektral/data/utils.py:221: UserWarning: you are shuffling a 'MyDataset' object which is not a subclass of 'Sequence'; `shuffle` is not guaranteed to behave correctly. E.g., non-numpy array/tensor objects with view semantics may contain duplicates after shuffling.
  np.random.shuffle(a)
[I 2025-10-18 23:51:48,789] Trial 30 finished with value: 0.6052491664886475 and parameters: {'hidden_units': 128, 'dense_units_0': 64, 'dense_units_1': 128, 'dropout_rate': 0.3511573602270677, 'learning_rate': 0.001098888364966685, 'batch_size': 32}. Best is trial 15 with value: 0.6894774436950684.
/home/ivanam/.conda/envs/bio_inf/lib/python3.11/site-packages/spektral/data/utils.py:221: UserWarning: you are shuffling a 'MyDataset' object which is not a subclass of 'Sequence'; `shuffle` is not guaranteed to behave correctly. E.g., non-numpy array/tensor objects with view semantics may contain duplicates after shuffling.
  np.random.shuffle(a)
[I 2025-10-18 23:53:11,941] Trial 31 finished with value: 0.642764687538147 and parameters: {'hidden_units': 256, 'dense_units_0': 64, 'dense_units_1': 128, 'dropout_rate': 0.20117372132070335, 'learning_rate': 0.0006539717534080419, 'batch_size': 64}. Best is trial 15 with value: 0.6894774436950684.
/home/ivanam/.conda/envs/bio_inf/lib/python3.11/site-packages/spektral/data/utils.py:221: UserWarning: you are shuffling a 'MyDataset' object which is not a subclass of 'Sequence'; `shuffle` is not guaranteed to behave correctly. E.g., non-numpy array/tensor objects with view semantics may contain duplicates after shuffling.
  np.random.shuffle(a)
[I 2025-10-18 23:54:04,603] Trial 32 finished with value: 0.680661678314209 and parameters: {'hidden_units': 256, 'dense_units_0': 64, 'dense_units_1': 128, 'dropout_rate': 0.2089412353162945, 'learning_rate': 0.0009037135376126984, 'batch_size': 64}. Best is trial 15 with value: 0.6894774436950684.
/home/ivanam/.conda/envs/bio_inf/lib/python3.11/site-packages/spektral/data/utils.py:221: UserWarning: you are shuffling a 'MyDataset' object which is not a subclass of 'Sequence'; `shuffle` is not guaranteed to behave correctly. E.g., non-numpy array/tensor objects with view semantics may contain duplicates after shuffling.
  np.random.shuffle(a)
[I 2025-10-18 23:55:27,896] Trial 33 finished with value: 0.6637139916419983 and parameters: {'hidden_units': 256, 'dense_units_0': 64, 'dense_units_1': 128, 'dropout_rate': 0.2146407699520704, 'learning_rate': 0.0008393937799865734, 'batch_size': 64}. Best is trial 15 with value: 0.6894774436950684.
/home/ivanam/.conda/envs/bio_inf/lib/python3.11/site-packages/spektral/data/utils.py:221: UserWarning: you are shuffling a 'MyDataset' object which is not a subclass of 'Sequence'; `shuffle` is not guaranteed to behave correctly. E.g., non-numpy array/tensor objects with view semantics may contain duplicates after shuffling.
  np.random.shuffle(a)
[I 2025-10-18 23:56:51,628] Trial 34 finished with value: 0.6643704771995544 and parameters: {'hidden_units': 256, 'dense_units_0': 128, 'dense_units_1': 128, 'dropout_rate': 0.24094310900343652, 'learning_rate': 0.000913436636021907, 'batch_size': 64}. Best is trial 15 with value: 0.6894774436950684.
/home/ivanam/.conda/envs/bio_inf/lib/python3.11/site-packages/spektral/data/utils.py:221: UserWarning: you are shuffling a 'MyDataset' object which is not a subclass of 'Sequence'; `shuffle` is not guaranteed to behave correctly. E.g., non-numpy array/tensor objects with view semantics may contain duplicates after shuffling.
  np.random.shuffle(a)
[I 2025-10-18 23:57:33,974] Trial 35 finished with value: 0.6072802543640137 and parameters: {'hidden_units': 64, 'dense_units_0': 64, 'dense_units_1': 64, 'dropout_rate': 0.22664521482287955, 'learning_rate': 0.001311007811977561, 'batch_size': 32}. Best is trial 15 with value: 0.6894774436950684.
/home/ivanam/.conda/envs/bio_inf/lib/python3.11/site-packages/spektral/data/utils.py:221: UserWarning: you are shuffling a 'MyDataset' object which is not a subclass of 'Sequence'; `shuffle` is not guaranteed to behave correctly. E.g., non-numpy array/tensor objects with view semantics may contain duplicates after shuffling.
  np.random.shuffle(a)
[I 2025-10-18 23:58:28,166] Trial 36 finished with value: 0.6526867151260376 and parameters: {'hidden_units': 256, 'dense_units_0': 64, 'dense_units_1': 128, 'dropout_rate': 0.2117091879144874, 'learning_rate': 0.002212019889389188, 'batch_size': 64}. Best is trial 15 with value: 0.6894774436950684.
/home/ivanam/.conda/envs/bio_inf/lib/python3.11/site-packages/spektral/data/utils.py:221: UserWarning: you are shuffling a 'MyDataset' object which is not a subclass of 'Sequence'; `shuffle` is not guaranteed to behave correctly. E.g., non-numpy array/tensor objects with view semantics may contain duplicates after shuffling.
  np.random.shuffle(a)
[I 2025-10-18 23:59:07,576] Trial 37 finished with value: 0.6223947405815125 and parameters: {'hidden_units': 64, 'dense_units_0': 128, 'dense_units_1': 64, 'dropout_rate': 0.22713888036109964, 'learning_rate': 0.0017790712168378473, 'batch_size': 128}. Best is trial 15 with value: 0.6894774436950684.
/home/ivanam/.conda/envs/bio_inf/lib/python3.11/site-packages/spektral/data/utils.py:221: UserWarning: you are shuffling a 'MyDataset' object which is not a subclass of 'Sequence'; `shuffle` is not guaranteed to behave correctly. E.g., non-numpy array/tensor objects with view semantics may contain duplicates after shuffling.
  np.random.shuffle(a)
[I 2025-10-19 00:00:00,684] Trial 38 finished with value: 0.5557243824005127 and parameters: {'hidden_units': 256, 'dense_units_0': 64, 'dense_units_1': 128, 'dropout_rate': 0.3693402450342259, 'learning_rate': 0.0014873289238118935, 'batch_size': 32}. Best is trial 15 with value: 0.6894774436950684.
/home/ivanam/.conda/envs/bio_inf/lib/python3.11/site-packages/spektral/data/utils.py:221: UserWarning: you are shuffling a 'MyDataset' object which is not a subclass of 'Sequence'; `shuffle` is not guaranteed to behave correctly. E.g., non-numpy array/tensor objects with view semantics may contain duplicates after shuffling.
  np.random.shuffle(a)
[I 2025-10-19 00:00:42,855] Trial 39 finished with value: 0.6567897796630859 and parameters: {'hidden_units': 64, 'dense_units_0': 128, 'dense_units_1': 64, 'dropout_rate': 0.21789376200688934, 'learning_rate': 0.0011785399548373523, 'batch_size': 128}. Best is trial 15 with value: 0.6894774436950684.
/home/ivanam/.conda/envs/bio_inf/lib/python3.11/site-packages/spektral/data/utils.py:221: UserWarning: you are shuffling a 'MyDataset' object which is not a subclass of 'Sequence'; `shuffle` is not guaranteed to behave correctly. E.g., non-numpy array/tensor objects with view semantics may contain duplicates after shuffling.
  np.random.shuffle(a)
[I 2025-10-19 00:02:05,969] Trial 40 finished with value: 0.6594581604003906 and parameters: {'hidden_units': 256, 'dense_units_0': 64, 'dense_units_1': 128, 'dropout_rate': 0.2081813954295444, 'learning_rate': 0.004599893442365127, 'batch_size': 64}. Best is trial 15 with value: 0.6894774436950684.
/home/ivanam/.conda/envs/bio_inf/lib/python3.11/site-packages/spektral/data/utils.py:221: UserWarning: you are shuffling a 'MyDataset' object which is not a subclass of 'Sequence'; `shuffle` is not guaranteed to behave correctly. E.g., non-numpy array/tensor objects with view semantics may contain duplicates after shuffling.
  np.random.shuffle(a)
[I 2025-10-19 00:03:29,087] Trial 41 finished with value: 0.660606861114502 and parameters: {'hidden_units': 256, 'dense_units_0': 64, 'dense_units_1': 128, 'dropout_rate': 0.2010453720838989, 'learning_rate': 0.0006926383212033537, 'batch_size': 64}. Best is trial 15 with value: 0.6894774436950684.
/home/ivanam/.conda/envs/bio_inf/lib/python3.11/site-packages/spektral/data/utils.py:221: UserWarning: you are shuffling a 'MyDataset' object which is not a subclass of 'Sequence'; `shuffle` is not guaranteed to behave correctly. E.g., non-numpy array/tensor objects with view semantics may contain duplicates after shuffling.
  np.random.shuffle(a)
[I 2025-10-19 00:04:52,352] Trial 42 finished with value: 0.6637881398200989 and parameters: {'hidden_units': 256, 'dense_units_0': 64, 'dense_units_1': 128, 'dropout_rate': 0.20900271880462848, 'learning_rate': 0.0005403957993216029, 'batch_size': 64}. Best is trial 15 with value: 0.6894774436950684.
/home/ivanam/.conda/envs/bio_inf/lib/python3.11/site-packages/spektral/data/utils.py:221: UserWarning: you are shuffling a 'MyDataset' object which is not a subclass of 'Sequence'; `shuffle` is not guaranteed to behave correctly. E.g., non-numpy array/tensor objects with view semantics may contain duplicates after shuffling.
  np.random.shuffle(a)
[I 2025-10-19 00:05:44,594] Trial 43 finished with value: 0.6846594214439392 and parameters: {'hidden_units': 256, 'dense_units_0': 64, 'dense_units_1': 128, 'dropout_rate': 0.20017789060046595, 'learning_rate': 0.0008551873150965778, 'batch_size': 64}. Best is trial 15 with value: 0.6894774436950684.
/home/ivanam/.conda/envs/bio_inf/lib/python3.11/site-packages/spektral/data/utils.py:221: UserWarning: you are shuffling a 'MyDataset' object which is not a subclass of 'Sequence'; `shuffle` is not guaranteed to behave correctly. E.g., non-numpy array/tensor objects with view semantics may contain duplicates after shuffling.
  np.random.shuffle(a)
[I 2025-10-19 00:06:38,810] Trial 44 finished with value: 0.6676480770111084 and parameters: {'hidden_units': 256, 'dense_units_0': 64, 'dense_units_1': 128, 'dropout_rate': 0.24343195848478627, 'learning_rate': 0.0008645393718266163, 'batch_size': 64}. Best is trial 15 with value: 0.6894774436950684.
/home/ivanam/.conda/envs/bio_inf/lib/python3.11/site-packages/spektral/data/utils.py:221: UserWarning: you are shuffling a 'MyDataset' object which is not a subclass of 'Sequence'; `shuffle` is not guaranteed to behave correctly. E.g., non-numpy array/tensor objects with view semantics may contain duplicates after shuffling.
  np.random.shuffle(a)
[I 2025-10-19 00:08:02,124] Trial 45 finished with value: 0.6868863701820374 and parameters: {'hidden_units': 256, 'dense_units_0': 64, 'dense_units_1': 128, 'dropout_rate': 0.2311253381179005, 'learning_rate': 0.0009543966434086204, 'batch_size': 64}. Best is trial 15 with value: 0.6894774436950684.
/home/ivanam/.conda/envs/bio_inf/lib/python3.11/site-packages/spektral/data/utils.py:221: UserWarning: you are shuffling a 'MyDataset' object which is not a subclass of 'Sequence'; `shuffle` is not guaranteed to behave correctly. E.g., non-numpy array/tensor objects with view semantics may contain duplicates after shuffling.
  np.random.shuffle(a)
[I 2025-10-19 00:09:25,432] Trial 46 finished with value: 0.6374862194061279 and parameters: {'hidden_units': 256, 'dense_units_0': 64, 'dense_units_1': 128, 'dropout_rate': 0.25360653232545927, 'learning_rate': 0.0009619695738540573, 'batch_size': 64}. Best is trial 15 with value: 0.6894774436950684.
/home/ivanam/.conda/envs/bio_inf/lib/python3.11/site-packages/spektral/data/utils.py:221: UserWarning: you are shuffling a 'MyDataset' object which is not a subclass of 'Sequence'; `shuffle` is not guaranteed to behave correctly. E.g., non-numpy array/tensor objects with view semantics may contain duplicates after shuffling.
  np.random.shuffle(a)
[I 2025-10-19 00:10:04,315] Trial 47 finished with value: 0.5995469689369202 and parameters: {'hidden_units': 64, 'dense_units_0': 64, 'dense_units_1': 64, 'dropout_rate': 0.23023872253638933, 'learning_rate': 0.0010930052922223168, 'batch_size': 64}. Best is trial 15 with value: 0.6894774436950684.
/home/ivanam/.conda/envs/bio_inf/lib/python3.11/site-packages/spektral/data/utils.py:221: UserWarning: you are shuffling a 'MyDataset' object which is not a subclass of 'Sequence'; `shuffle` is not guaranteed to behave correctly. E.g., non-numpy array/tensor objects with view semantics may contain duplicates after shuffling.
  np.random.shuffle(a)
[I 2025-10-19 00:10:48,062] Trial 48 finished with value: 0.6062094569206238 and parameters: {'hidden_units': 128, 'dense_units_0': 128, 'dense_units_1': 128, 'dropout_rate': 0.29364167526442697, 'learning_rate': 0.0006113697608109245, 'batch_size': 64}. Best is trial 15 with value: 0.6894774436950684.
/home/ivanam/.conda/envs/bio_inf/lib/python3.11/site-packages/spektral/data/utils.py:221: UserWarning: you are shuffling a 'MyDataset' object which is not a subclass of 'Sequence'; `shuffle` is not guaranteed to behave correctly. E.g., non-numpy array/tensor objects with view semantics may contain duplicates after shuffling.
  np.random.shuffle(a)
[I 2025-10-19 00:11:41,033] Trial 49 finished with value: 0.6324178576469421 and parameters: {'hidden_units': 256, 'dense_units_0': 64, 'dense_units_1': 128, 'dropout_rate': 0.2714669611159076, 'learning_rate': 0.000722777739499895, 'batch_size': 64}. Best is trial 15 with value: 0.6894774436950684.
/home/ivanam/.conda/envs/bio_inf/lib/python3.11/site-packages/spektral/data/utils.py:221: UserWarning: you are shuffling a 'MyDataset' object which is not a subclass of 'Sequence'; `shuffle` is not guaranteed to behave correctly. E.g., non-numpy array/tensor objects with view semantics may contain duplicates after shuffling.
  np.random.shuffle(a)
[I 2025-10-19 00:13:04,327] Trial 50 finished with value: 0.6887295842170715 and parameters: {'hidden_units': 256, 'dense_units_0': 64, 'dense_units_1': 128, 'dropout_rate': 0.24611368329458025, 'learning_rate': 0.001206769513963178, 'batch_size': 64}. Best is trial 15 with value: 0.6894774436950684.
/home/ivanam/.conda/envs/bio_inf/lib/python3.11/site-packages/spektral/data/utils.py:221: UserWarning: you are shuffling a 'MyDataset' object which is not a subclass of 'Sequence'; `shuffle` is not guaranteed to behave correctly. E.g., non-numpy array/tensor objects with view semantics may contain duplicates after shuffling.
  np.random.shuffle(a)
[I 2025-10-19 00:14:27,626] Trial 51 finished with value: 0.6771616339683533 and parameters: {'hidden_units': 256, 'dense_units_0': 64, 'dense_units_1': 128, 'dropout_rate': 0.2464763091050103, 'learning_rate': 0.001205314569270103, 'batch_size': 64}. Best is trial 15 with value: 0.6894774436950684.
/home/ivanam/.conda/envs/bio_inf/lib/python3.11/site-packages/spektral/data/utils.py:221: UserWarning: you are shuffling a 'MyDataset' object which is not a subclass of 'Sequence'; `shuffle` is not guaranteed to behave correctly. E.g., non-numpy array/tensor objects with view semantics may contain duplicates after shuffling.
  np.random.shuffle(a)
[I 2025-10-19 00:15:50,928] Trial 52 finished with value: 0.6707127094268799 and parameters: {'hidden_units': 256, 'dense_units_0': 64, 'dense_units_1': 128, 'dropout_rate': 0.22290376642669146, 'learning_rate': 0.0010077458962972276, 'batch_size': 64}. Best is trial 15 with value: 0.6894774436950684.
/home/ivanam/.conda/envs/bio_inf/lib/python3.11/site-packages/spektral/data/utils.py:221: UserWarning: you are shuffling a 'MyDataset' object which is not a subclass of 'Sequence'; `shuffle` is not guaranteed to behave correctly. E.g., non-numpy array/tensor objects with view semantics may contain duplicates after shuffling.
  np.random.shuffle(a)
[I 2025-10-19 00:17:14,224] Trial 53 finished with value: 0.6377312541007996 and parameters: {'hidden_units': 256, 'dense_units_0': 64, 'dense_units_1': 128, 'dropout_rate': 0.23622471958405816, 'learning_rate': 0.0008018870524961626, 'batch_size': 64}. Best is trial 15 with value: 0.6894774436950684.
/home/ivanam/.conda/envs/bio_inf/lib/python3.11/site-packages/spektral/data/utils.py:221: UserWarning: you are shuffling a 'MyDataset' object which is not a subclass of 'Sequence'; `shuffle` is not guaranteed to behave correctly. E.g., non-numpy array/tensor objects with view semantics may contain duplicates after shuffling.
  np.random.shuffle(a)
[I 2025-10-19 00:18:07,268] Trial 54 finished with value: 0.6116805076599121 and parameters: {'hidden_units': 256, 'dense_units_0': 64, 'dense_units_1': 128, 'dropout_rate': 0.2579048947605848, 'learning_rate': 0.0008857979907598332, 'batch_size': 64}. Best is trial 15 with value: 0.6894774436950684.
/home/ivanam/.conda/envs/bio_inf/lib/python3.11/site-packages/spektral/data/utils.py:221: UserWarning: you are shuffling a 'MyDataset' object which is not a subclass of 'Sequence'; `shuffle` is not guaranteed to behave correctly. E.g., non-numpy array/tensor objects with view semantics may contain duplicates after shuffling.
  np.random.shuffle(a)
